Using pre-set license
Built from '2021.3/staging' branch; Version is '2021.3.10f1 (1c7d0df0160b) revision 1867021'; Using compiler version '192829333'; Build Type 'Release'
OS: 'Windows 11  (10.0.22000) 64bit Core' Language: 'en' Physical Memory: 7834 MB
BatchMode: 1, IsHumanControllingUs: 0, StartBugReporterOnCrash: 0, Is64bit: 1, IsPro: 1

COMMAND LINE ARGUMENTS:
C:\Program Files\Unity\Hub\Editor\2021.3.10f1\Editor\Unity.exe
-adb2
-batchMode
-noUpm
-name
AssetImportWorker0
-projectPath
C:/Users/dylan/Downloads/Escape From Space 1/Escape From Space
-logFile
Logs/AssetImportWorker0.log
-srvPort
49173
Successfully changed project path to: C:/Users/dylan/Downloads/Escape From Space 1/Escape From Space
C:/Users/dylan/Downloads/Escape From Space 1/Escape From Space
[UnityMemory] Configuration Parameters - Can be set up in boot.config
    "memorysetup-bucket-allocator-granularity=16"
    "memorysetup-bucket-allocator-bucket-count=8"
    "memorysetup-bucket-allocator-block-size=33554432"
    "memorysetup-bucket-allocator-block-count=8"
    "memorysetup-main-allocator-block-size=16777216"
    "memorysetup-thread-allocator-block-size=16777216"
    "memorysetup-gfx-main-allocator-block-size=16777216"
    "memorysetup-gfx-thread-allocator-block-size=16777216"
    "memorysetup-cache-allocator-block-size=4194304"
    "memorysetup-typetree-allocator-block-size=2097152"
    "memorysetup-profiler-bucket-allocator-granularity=16"
    "memorysetup-profiler-bucket-allocator-bucket-count=8"
    "memorysetup-profiler-bucket-allocator-block-size=33554432"
    "memorysetup-profiler-bucket-allocator-block-count=8"
    "memorysetup-profiler-allocator-block-size=16777216"
    "memorysetup-profiler-editor-allocator-block-size=1048576"
    "memorysetup-temp-allocator-size-main=16777216"
    "memorysetup-job-temp-allocator-block-size=2097152"
    "memorysetup-job-temp-allocator-block-size-background=1048576"
    "memorysetup-job-temp-allocator-reduction-small-platforms=262144"
    "memorysetup-temp-allocator-size-background-worker=32768"
    "memorysetup-temp-allocator-size-job-worker=262144"
    "memorysetup-temp-allocator-size-preload-manager=33554432"
    "memorysetup-temp-allocator-size-nav-mesh-worker=65536"
    "memorysetup-temp-allocator-size-audio-worker=65536"
    "memorysetup-temp-allocator-size-cloud-worker=32768"
    "memorysetup-temp-allocator-size-gi-baking-worker=262144"
    "memorysetup-temp-allocator-size-gfx=262144"
Refreshing native plugins compatible for Editor in 130.46 ms, found 3 plugins.
Preloading 0 native plugins for Editor in 0.00 ms.
Initialize engine version: 2021.3.10f1 (1c7d0df0160b)
[Subsystems] Discovering subsystems at path C:/Program Files/Unity/Hub/Editor/2021.3.10f1/Editor/Data/Resources/UnitySubsystems
[Subsystems] Discovering subsystems at path C:/Users/dylan/Downloads/Escape From Space 1/Escape From Space/Assets
GfxDevice: creating device client; threaded=0; jobified=0
Direct3D:
    Version:  Direct3D 11.0 [level 11.1]
    Renderer: Intel(R) Iris(R) Xe Graphics (ID=0x9a49)
    Vendor:   Intel
    VRAM:     3917 MB
    Driver:   30.0.101.1029
Initialize mono
Mono path[0] = 'C:/Program Files/Unity/Hub/Editor/2021.3.10f1/Editor/Data/Managed'
Mono path[1] = 'C:/Program Files/Unity/Hub/Editor/2021.3.10f1/Editor/Data/MonoBleedingEdge/lib/mono/unityjit-win32'
Mono config path = 'C:/Program Files/Unity/Hub/Editor/2021.3.10f1/Editor/Data/MonoBleedingEdge/etc'
Using monoOptions --debugger-agent=transport=dt_socket,embedding=1,server=y,suspend=n,address=127.0.0.1:56960
Begin MonoManager ReloadAssembly
Registering precompiled unity dll's ...
Register platform support module: C:/Program Files/Unity/Hub/Editor/2021.3.10f1/Editor/Data/PlaybackEngines/WebGLSupport/UnityEditor.WebGL.Extensions.dll
Register platform support module: C:/Program Files/Unity/Hub/Editor/2021.3.10f1/Editor/Data/PlaybackEngines/WindowsStandaloneSupport/UnityEditor.WindowsStandalone.Extensions.dll
Registered in 0.024809 seconds.
Native extension for WindowsStandalone target not found
Native extension for WebGL target not found
Refreshing native plugins compatible for Editor in 103.59 ms, found 3 plugins.
Preloading 0 native plugins for Editor in 0.00 ms.
Mono: successfully reloaded assembly
- Completed reload, in  1.011 seconds
Domain Reload Profiling:
	ReloadAssembly (1011ms)
		BeginReloadAssembly (173ms)
			ExecutionOrderSort (1ms)
			DisableScriptedObjects (0ms)
			BackupInstance (0ms)
			ReleaseScriptingObjects (0ms)
			CreateAndSetChildDomain (3ms)
		EndReloadAssembly (590ms)
			LoadAssemblies (159ms)
			RebuildTransferFunctionScriptingTraits (1ms)
			SetupTypeCache (144ms)
			ReleaseScriptCaches (0ms)
			RebuildScriptCaches (40ms)
			SetupLoadedEditorAssemblies (336ms)
				LogAssemblyErrors (0ms)
				InitializePlatformSupportModulesInManaged (14ms)
				SetLoadedEditorAssemblies (0ms)
				RefreshPlugins (104ms)
				BeforeProcessingInitializeOnLoad (2ms)
				ProcessInitializeOnLoadAttributes (162ms)
				ProcessInitializeOnLoadMethodAttributes (54ms)
				AfterProcessingInitializeOnLoad (0ms)
				EditorAssembliesLoaded (0ms)
			ExecutionOrderSort2 (0ms)
			AwakeInstancesAfterBackupRestoration (0ms)
Platform modules already initialized, skipping
Registering precompiled user dll's ...
Registered in 0.019513 seconds.
Begin MonoManager ReloadAssembly
Native extension for WindowsStandalone target not found
Native extension for WebGL target not found
Refreshing native plugins compatible for Editor in 0.87 ms, found 3 plugins.
Preloading 0 native plugins for Editor in 0.00 ms.
Mono: successfully reloaded assembly
- Completed reload, in  1.305 seconds
Domain Reload Profiling:
	ReloadAssembly (1306ms)
		BeginReloadAssembly (142ms)
			ExecutionOrderSort (0ms)
			DisableScriptedObjects (8ms)
			BackupInstance (0ms)
			ReleaseScriptingObjects (0ms)
			CreateAndSetChildDomain (26ms)
		EndReloadAssembly (1016ms)
			LoadAssemblies (145ms)
			RebuildTransferFunctionScriptingTraits (0ms)
			SetupTypeCache (300ms)
			ReleaseScriptCaches (0ms)
			RebuildScriptCaches (59ms)
			SetupLoadedEditorAssemblies (479ms)
				LogAssemblyErrors (0ms)
				InitializePlatformSupportModulesInManaged (7ms)
				SetLoadedEditorAssemblies (0ms)
				RefreshPlugins (1ms)
				BeforeProcessingInitializeOnLoad (83ms)
				ProcessInitializeOnLoadAttributes (340ms)
				ProcessInitializeOnLoadMethodAttributes (39ms)
				AfterProcessingInitializeOnLoad (8ms)
				EditorAssembliesLoaded (0ms)
			ExecutionOrderSort2 (0ms)
			AwakeInstancesAfterBackupRestoration (8ms)
Platform modules already initialized, skipping
========================================================================
Worker process is ready to serve import requests
Launched and connected shader compiler UnityShaderCompiler.exe after 0.06 seconds
Refreshing native plugins compatible for Editor in 0.99 ms, found 3 plugins.
Preloading 0 native plugins for Editor in 0.00 ms.
Unloading 3331 Unused Serialized files (Serialized files now loaded: 0)
Unloading 26 unused Assets / (152.2 KB). Loaded Objects now: 3817.
Memory consumption went from 198.8 MB to 198.7 MB.
Total: 4.928700 ms (FindLiveObjects: 0.390800 ms CreateObjectMapping: 0.147100 ms MarkObjects: 4.099700 ms  DeleteObjects: 0.289300 ms)

AssetImportParameters requested are different than current active one (requested -> active):
  custom:video-decoder-ogg-theora: a1e56fd34408186e4bbccfd4996cb3dc -> 
  custom:container-muxer-webm: aa71ff27fc2769a1b78a27578f13a17b -> 
  custom:container-demuxer-webm: 4f35f7cbe854078d1ac9338744f61a02 -> 
  custom:video-encoder-webm-vp8: eb34c28f22e8b96e1ab97ce403110664 -> 
  custom:audio-encoder-webm-vorbis: bf7c407c2cedff20999df2af8eb42d56 -> 
  custom:framework-win-MediaFoundation: 216162199b28c13a410421893ffa2e32 -> 
  custom:container-demuxer-ogg: 62fdf1f143b41e24485cea50d1cbac27 -> 
  custom:video-decoder-webm-vp8: 9c59270c3fd7afecdb556c50c9e8de78 -> 
  custom:audio-decoder-ogg-vorbis: bf7c407c2cedff20999df2af8eb42d56 -> 
========================================================================
Received Import Request.
  Time since last request: 1483132.592335 seconds.
  path: Assets/Rock13.prefab
  artifactKey: Guid(250c3bf6c83552b47bc6dcdba2d48a15) Importer(815301076,1909f56bfc062723c751e8b465ee728b)
Start importing Assets/Rock13.prefab using Guid(250c3bf6c83552b47bc6dcdba2d48a15) Importer(815301076,1909f56bfc062723c751e8b465ee728b)  -> (artifact id: '81dcc876d38c00d35fd42bf046463c0c') in 0.637648 seconds 
========================================================================
Received Prepare
Registering precompiled user dll's ...
Registered in 0.005185 seconds.
Begin MonoManager ReloadAssembly
Native extension for WindowsStandalone target not found
Native extension for WebGL target not found
Refreshing native plugins compatible for Editor in 0.71 ms, found 3 plugins.
Preloading 0 native plugins for Editor in 0.00 ms.
Mono: successfully reloaded assembly
- Completed reload, in  1.298 seconds
Domain Reload Profiling:
	ReloadAssembly (1299ms)
		BeginReloadAssembly (164ms)
			ExecutionOrderSort (0ms)
			DisableScriptedObjects (4ms)
			BackupInstance (0ms)
			ReleaseScriptingObjects (0ms)
			CreateAndSetChildDomain (48ms)
		EndReloadAssembly (1028ms)
			LoadAssemblies (109ms)
			RebuildTransferFunctionScriptingTraits (0ms)
			SetupTypeCache (270ms)
			ReleaseScriptCaches (1ms)
			RebuildScriptCaches (50ms)
			SetupLoadedEditorAssemblies (537ms)
				LogAssemblyErrors (0ms)
				InitializePlatformSupportModulesInManaged (19ms)
				SetLoadedEditorAssemblies (1ms)
				RefreshPlugins (1ms)
				BeforeProcessingInitializeOnLoad (121ms)
				ProcessInitializeOnLoadAttributes (340ms)
				ProcessInitializeOnLoadMethodAttributes (43ms)
				AfterProcessingInitializeOnLoad (10ms)
				EditorAssembliesLoaded (0ms)
			ExecutionOrderSort2 (0ms)
			AwakeInstancesAfterBackupRestoration (10ms)
Platform modules already initialized, skipping
Refreshing native plugins compatible for Editor in 3.49 ms, found 3 plugins.
Preloading 0 native plugins for Editor in 0.00 ms.
Unloading 3307 Unused Serialized files (Serialized files now loaded: 0)
Unloading 19 unused Assets / (120.0 KB). Loaded Objects now: 3828.
Memory consumption went from 201.3 MB to 201.1 MB.
Total: 4.255500 ms (FindLiveObjects: 0.380000 ms CreateObjectMapping: 0.245300 ms MarkObjects: 3.441000 ms  DeleteObjects: 0.179900 ms)

AssetImportParameters requested are different than current active one (requested -> active):
  custom:video-decoder-ogg-theora: a1e56fd34408186e4bbccfd4996cb3dc -> 
  custom:container-muxer-webm: aa71ff27fc2769a1b78a27578f13a17b -> 
  custom:container-demuxer-webm: 4f35f7cbe854078d1ac9338744f61a02 -> 
  custom:video-encoder-webm-vp8: eb34c28f22e8b96e1ab97ce403110664 -> 
  custom:audio-encoder-webm-vorbis: bf7c407c2cedff20999df2af8eb42d56 -> 
  custom:framework-win-MediaFoundation: 216162199b28c13a410421893ffa2e32 -> 
  custom:container-demuxer-ogg: 62fdf1f143b41e24485cea50d1cbac27 -> 
  custom:video-decoder-webm-vp8: 9c59270c3fd7afecdb556c50c9e8de78 -> 
  custom:audio-decoder-ogg-vorbis: bf7c407c2cedff20999df2af8eb42d56 -> 
========================================================================
Received Import Request.
  Time since last request: 84.032785 seconds.
  path: Assets/PreFabs/AlienDestroyerGreen.prefab
  artifactKey: Guid(4eddec5e5a6ed514cb7704f25ab89890) Importer(815301076,1909f56bfc062723c751e8b465ee728b)
Start importing Assets/PreFabs/AlienDestroyerGreen.prefab using Guid(4eddec5e5a6ed514cb7704f25ab89890) Importer(815301076,1909f56bfc062723c751e8b465ee728b)  -> (artifact id: 'd4b68321128a2a16f5e4f6561b200556') in 0.331366 seconds 
========================================================================
Received Import Request.
  Time since last request: 2.464125 seconds.
  path: Assets/PreFabs/Asteroid 2.prefab
  artifactKey: Guid(84cc3cd234dfc9d4d9d2e92c0eb0af75) Importer(815301076,1909f56bfc062723c751e8b465ee728b)
Start importing Assets/PreFabs/Asteroid 2.prefab using Guid(84cc3cd234dfc9d4d9d2e92c0eb0af75) Importer(815301076,1909f56bfc062723c751e8b465ee728b)  -> (artifact id: 'cef3fab92a092786d3e645b18ada2ef5') in 0.070224 seconds 
========================================================================
Received Import Request.
  Time since last request: 0.000052 seconds.
  path: Assets/PreFabs/Asteroid 3.prefab
  artifactKey: Guid(04d0bf4be9447154188d86f6e3b8dce9) Importer(815301076,1909f56bfc062723c751e8b465ee728b)
Start importing Assets/PreFabs/Asteroid 3.prefab using Guid(04d0bf4be9447154188d86f6e3b8dce9) Importer(815301076,1909f56bfc062723c751e8b465ee728b)  -> (artifact id: 'a0a3367c79a6879819970356e5b6e2c4') in 0.048401 seconds 
========================================================================
Received Import Request.
  Time since last request: 0.000029 seconds.
  path: Assets/PreFabs/BioTorpedoWhite.prefab
  artifactKey: Guid(9ef87cc3898d8614fa9a9fafaf5be437) Importer(815301076,1909f56bfc062723c751e8b465ee728b)
Start importing Assets/PreFabs/BioTorpedoWhite.prefab using Guid(9ef87cc3898d8614fa9a9fafaf5be437) Importer(815301076,1909f56bfc062723c751e8b465ee728b)  -> (artifact id: 'e83b94de6f2f6d0d68d1f8d157dfa5f0') in 0.066835 seconds 
========================================================================
Received Import Request.
  Time since last request: 0.000048 seconds.
  path: Assets/PreFabs/emeptyheart.png
  artifactKey: Guid(211bb19c7c6445d4c9c21bace00631ed) Importer(815301076,1909f56bfc062723c751e8b465ee728b)
Start importing Assets/PreFabs/emeptyheart.png using Guid(211bb19c7c6445d4c9c21bace00631ed) Importer(815301076,1909f56bfc062723c751e8b465ee728b)  -> (artifact id: '19962b79d74492ef2a54d56734189044') in 0.056434 seconds 
========================================================================
Received Import Request.
  Time since last request: 1.854087 seconds.
  path: Assets/PreFabs/Rock1.prefab
  artifactKey: Guid(3b2e1a050365f824da6fbcf268ff7830) Importer(815301076,1909f56bfc062723c751e8b465ee728b)
Start importing Assets/PreFabs/Rock1.prefab using Guid(3b2e1a050365f824da6fbcf268ff7830) Importer(815301076,1909f56bfc062723c751e8b465ee728b)  -> (artifact id: '339614b3abc5d1e67ef32e8c642c6895') in 0.070716 seconds 
========================================================================
Received Import Request.
  Time since last request: 0.000035 seconds.
  path: Assets/PreFabs/Rock2.prefab
  artifactKey: Guid(84da69a0f6d5d754abd5a1393a65196c) Importer(815301076,1909f56bfc062723c751e8b465ee728b)
Start importing Assets/PreFabs/Rock2.prefab using Guid(84da69a0f6d5d754abd5a1393a65196c) Importer(815301076,1909f56bfc062723c751e8b465ee728b)  -> (artifact id: 'b94900c00b059429ea0deac4ea06af2e') in 0.090622 seconds 
========================================================================
Received Import Request.
  Time since last request: 0.000045 seconds.
  path: Assets/PreFabs/Rock6 1.prefab
  artifactKey: Guid(fcce22db9f2b6b84badbac67b4570313) Importer(815301076,1909f56bfc062723c751e8b465ee728b)
Start importing Assets/PreFabs/Rock6 1.prefab using Guid(fcce22db9f2b6b84badbac67b4570313) Importer(815301076,1909f56bfc062723c751e8b465ee728b)  -> (artifact id: '06f3a89f106a88249a697607267c4f0c') in 0.097479 seconds 
========================================================================
Received Import Request.
  Time since last request: 0.000081 seconds.
  path: Assets/PreFabs/Rock10.prefab
  artifactKey: Guid(eb8b070ecd187ed4295058765bdecba7) Importer(815301076,1909f56bfc062723c751e8b465ee728b)
Start importing Assets/PreFabs/Rock10.prefab using Guid(eb8b070ecd187ed4295058765bdecba7) Importer(815301076,1909f56bfc062723c751e8b465ee728b)  -> (artifact id: '40ec28483a2de8428a9ee6ae2007dd0d') in 0.135969 seconds 
========================================================================
Received Import Request.
  Time since last request: 0.000063 seconds.
  path: Assets/PreFabs/Rock13.prefab
  artifactKey: Guid(2be0ee0d896945f4cb1ac26a391c83e3) Importer(815301076,1909f56bfc062723c751e8b465ee728b)
Start importing Assets/PreFabs/Rock13.prefab using Guid(2be0ee0d896945f4cb1ac26a391c83e3) Importer(815301076,1909f56bfc062723c751e8b465ee728b)  -> (artifact id: '53545c11e1ebee72aa764e62eea8a525') in 0.049233 seconds 
========================================================================
Received Import Request.
  Time since last request: 0.000039 seconds.
  path: Assets/PreFabs/Rock11.prefab
  artifactKey: Guid(577dbeb4e3b8fbf4f913f44c4687a66c) Importer(815301076,1909f56bfc062723c751e8b465ee728b)
Start importing Assets/PreFabs/Rock11.prefab using Guid(577dbeb4e3b8fbf4f913f44c4687a66c) Importer(815301076,1909f56bfc062723c751e8b465ee728b)  -> (artifact id: 'fbfd47e50233701d44995b0b596ce915') in 0.056831 seconds 
========================================================================
Received Import Request.
  Time since last request: 0.000034 seconds.
  path: Assets/PreFabs/Rock6.prefab
  artifactKey: Guid(d8c99f8c1d2d04d41855ab667db0db36) Importer(815301076,1909f56bfc062723c751e8b465ee728b)
Start importing Assets/PreFabs/Rock6.prefab using Guid(d8c99f8c1d2d04d41855ab667db0db36) Importer(815301076,1909f56bfc062723c751e8b465ee728b)  -> (artifact id: 'bd1befc534ee064fa70ac16ab87acf12') in 0.039501 seconds 
========================================================================
Received Import Request.
  Time since last request: 0.000028 seconds.
  path: Assets/PreFabs/Rock7.prefab
  artifactKey: Guid(7c9ec40867d0acd429a21c2340e536d2) Importer(815301076,1909f56bfc062723c751e8b465ee728b)
Start importing Assets/PreFabs/Rock7.prefab using Guid(7c9ec40867d0acd429a21c2340e536d2) Importer(815301076,1909f56bfc062723c751e8b465ee728b)  -> (artifact id: '5f088485dc30c84dcf0decc45caeab77') in 0.043248 seconds 
========================================================================
Received Import Request.
  Time since last request: 41.650174 seconds.
  path: Assets/Modular Space Raider/Prefabs - ships/Model_3.prefab
  artifactKey: Guid(a4739566a87df10488b292fa3a88600e) Importer(815301076,1909f56bfc062723c751e8b465ee728b)
Start importing Assets/Modular Space Raider/Prefabs - ships/Model_3.prefab using Guid(a4739566a87df10488b292fa3a88600e) Importer(815301076,1909f56bfc062723c751e8b465ee728b)  -> (artifact id: '117dd308a2e744b15a584ef709e9456c') in 0.560968 seconds 
========================================================================
Received Import Request.
  Time since last request: 32.748834 seconds.
  path: Assets/PreFabs/Meshes/AlienDestroyer.fbx
  artifactKey: Guid(5c929a1e7e6053f499c799f0b76fc965) Importer(815301076,1909f56bfc062723c751e8b465ee728b)
Start importing Assets/PreFabs/Meshes/AlienDestroyer.fbx using Guid(5c929a1e7e6053f499c799f0b76fc965) Importer(815301076,1909f56bfc062723c751e8b465ee728b)  -> (artifact id: '633e8c844501a4e687e66216f906489b') in 0.178189 seconds 
========================================================================
Received Import Request.
  Time since last request: 0.000042 seconds.
  path: Assets/Autarca/AlienShipsPack/Prefabs/AlienDestroyerWhite.prefab
  artifactKey: Guid(9288bdcd172a05947ba0eb1fde7f0346) Importer(815301076,1909f56bfc062723c751e8b465ee728b)
Start importing Assets/Autarca/AlienShipsPack/Prefabs/AlienDestroyerWhite.prefab using Guid(9288bdcd172a05947ba0eb1fde7f0346) Importer(815301076,1909f56bfc062723c751e8b465ee728b)  -> (artifact id: '2811adf18427c5c84e65d7764743b947') in 0.140808 seconds 
Editor requested this worker to shutdown with reason: Scaling down because of idle timeout
AssetImportWorker is now disconnected from the server
Process exiting
Exiting without the bug reporter. Application will terminate with return code 0