Using pre-set license
Built from '2021.3/staging' branch; Version is '2021.3.10f1 (1c7d0df0160b) revision 1867021'; Using compiler version '192829333'; Build Type 'Release'
OS: 'Windows 11  (10.0.22000) 64bit Core' Language: 'en' Physical Memory: 7834 MB
BatchMode: 1, IsHumanControllingUs: 0, StartBugReporterOnCrash: 0, Is64bit: 1, IsPro: 1

COMMAND LINE ARGUMENTS:
C:\Program Files\Unity\Hub\Editor\2021.3.10f1\Editor\Unity.exe
-adb2
-batchMode
-noUpm
-name
AssetImportWorker1
-projectPath
C:/Users/dylan/Downloads/Escape From Space 1/Escape From Space
-logFile
Logs/AssetImportWorker1.log
-srvPort
49173
Successfully changed project path to: C:/Users/dylan/Downloads/Escape From Space 1/Escape From Space
C:/Users/dylan/Downloads/Escape From Space 1/Escape From Space
[UnityMemory] Configuration Parameters - Can be set up in boot.config
    "memorysetup-bucket-allocator-granularity=16"
    "memorysetup-bucket-allocator-bucket-count=8"
    "memorysetup-bucket-allocator-block-size=33554432"
    "memorysetup-bucket-allocator-block-count=8"
    "memorysetup-main-allocator-block-size=16777216"
    "memorysetup-thread-allocator-block-size=16777216"
    "memorysetup-gfx-main-allocator-block-size=16777216"
    "memorysetup-gfx-thread-allocator-block-size=16777216"
    "memorysetup-cache-allocator-block-size=4194304"
    "memorysetup-typetree-allocator-block-size=2097152"
    "memorysetup-profiler-bucket-allocator-granularity=16"
    "memorysetup-profiler-bucket-allocator-bucket-count=8"
    "memorysetup-profiler-bucket-allocator-block-size=33554432"
    "memorysetup-profiler-bucket-allocator-block-count=8"
    "memorysetup-profiler-allocator-block-size=16777216"
    "memorysetup-profiler-editor-allocator-block-size=1048576"
    "memorysetup-temp-allocator-size-main=16777216"
    "memorysetup-job-temp-allocator-block-size=2097152"
    "memorysetup-job-temp-allocator-block-size-background=1048576"
    "memorysetup-job-temp-allocator-reduction-small-platforms=262144"
    "memorysetup-temp-allocator-size-background-worker=32768"
    "memorysetup-temp-allocator-size-job-worker=262144"
    "memorysetup-temp-allocator-size-preload-manager=33554432"
    "memorysetup-temp-allocator-size-nav-mesh-worker=65536"
    "memorysetup-temp-allocator-size-audio-worker=65536"
    "memorysetup-temp-allocator-size-cloud-worker=32768"
    "memorysetup-temp-allocator-size-gi-baking-worker=262144"
    "memorysetup-temp-allocator-size-gfx=262144"
Refreshing native plugins compatible for Editor in 107.86 ms, found 3 plugins.
Preloading 0 native plugins for Editor in 0.00 ms.
Initialize engine version: 2021.3.10f1 (1c7d0df0160b)
[Subsystems] Discovering subsystems at path C:/Program Files/Unity/Hub/Editor/2021.3.10f1/Editor/Data/Resources/UnitySubsystems
[Subsystems] Discovering subsystems at path C:/Users/dylan/Downloads/Escape From Space 1/Escape From Space/Assets
GfxDevice: creating device client; threaded=0; jobified=0
Direct3D:
    Version:  Direct3D 11.0 [level 11.1]
    Renderer: Intel(R) Iris(R) Xe Graphics (ID=0x9a49)
    Vendor:   Intel
    VRAM:     3917 MB
    Driver:   30.0.101.1029
Initialize mono
Mono path[0] = 'C:/Program Files/Unity/Hub/Editor/2021.3.10f1/Editor/Data/Managed'
Mono path[1] = 'C:/Program Files/Unity/Hub/Editor/2021.3.10f1/Editor/Data/MonoBleedingEdge/lib/mono/unityjit-win32'
Mono config path = 'C:/Program Files/Unity/Hub/Editor/2021.3.10f1/Editor/Data/MonoBleedingEdge/etc'
Using monoOptions --debugger-agent=transport=dt_socket,embedding=1,server=y,suspend=n,address=127.0.0.1:56928
Begin MonoManager ReloadAssembly
Registering precompiled unity dll's ...
Register platform support module: C:/Program Files/Unity/Hub/Editor/2021.3.10f1/Editor/Data/PlaybackEngines/WebGLSupport/UnityEditor.WebGL.Extensions.dll
Register platform support module: C:/Program Files/Unity/Hub/Editor/2021.3.10f1/Editor/Data/PlaybackEngines/WindowsStandaloneSupport/UnityEditor.WindowsStandalone.Extensions.dll
Registered in 0.008243 seconds.
Native extension for WindowsStandalone target not found
Native extension for WebGL target not found
Refreshing native plugins compatible for Editor in 85.81 ms, found 3 plugins.
Preloading 0 native plugins for Editor in 0.00 ms.
Mono: successfully reloaded assembly
- Completed reload, in  1.104 seconds
Domain Reload Profiling:
	ReloadAssembly (1105ms)
		BeginReloadAssembly (376ms)
			ExecutionOrderSort (1ms)
			DisableScriptedObjects (0ms)
			BackupInstance (0ms)
			ReleaseScriptingObjects (0ms)
			CreateAndSetChildDomain (3ms)
		EndReloadAssembly (591ms)
			LoadAssemblies (366ms)
			RebuildTransferFunctionScriptingTraits (0ms)
			SetupTypeCache (147ms)
			ReleaseScriptCaches (0ms)
			RebuildScriptCaches (28ms)
			SetupLoadedEditorAssemblies (346ms)
				LogAssemblyErrors (0ms)
				InitializePlatformSupportModulesInManaged (11ms)
				SetLoadedEditorAssemblies (0ms)
				RefreshPlugins (86ms)
				BeforeProcessingInitializeOnLoad (1ms)
				ProcessInitializeOnLoadAttributes (197ms)
				ProcessInitializeOnLoadMethodAttributes (51ms)
				AfterProcessingInitializeOnLoad (0ms)
				EditorAssembliesLoaded (0ms)
			ExecutionOrderSort2 (0ms)
			AwakeInstancesAfterBackupRestoration (0ms)
Platform modules already initialized, skipping
Registering precompiled user dll's ...
Registered in 0.012125 seconds.
Begin MonoManager ReloadAssembly
Native extension for WindowsStandalone target not found
Native extension for WebGL target not found
Refreshing native plugins compatible for Editor in 1.64 ms, found 3 plugins.
Preloading 0 native plugins for Editor in 0.00 ms.
Mono: successfully reloaded assembly
- Completed reload, in  1.313 seconds
Domain Reload Profiling:
	ReloadAssembly (1314ms)
		BeginReloadAssembly (142ms)
			ExecutionOrderSort (0ms)
			DisableScriptedObjects (7ms)
			BackupInstance (0ms)
			ReleaseScriptingObjects (0ms)
			CreateAndSetChildDomain (29ms)
		EndReloadAssembly (1023ms)
			LoadAssemblies (145ms)
			RebuildTransferFunctionScriptingTraits (0ms)
			SetupTypeCache (311ms)
			ReleaseScriptCaches (1ms)
			RebuildScriptCaches (55ms)
			SetupLoadedEditorAssemblies (478ms)
				LogAssemblyErrors (0ms)
				InitializePlatformSupportModulesInManaged (10ms)
				SetLoadedEditorAssemblies (1ms)
				RefreshPlugins (2ms)
				BeforeProcessingInitializeOnLoad (81ms)
				ProcessInitializeOnLoadAttributes (344ms)
				ProcessInitializeOnLoadMethodAttributes (33ms)
				AfterProcessingInitializeOnLoad (7ms)
				EditorAssembliesLoaded (0ms)
			ExecutionOrderSort2 (0ms)
			AwakeInstancesAfterBackupRestoration (5ms)
Platform modules already initialized, skipping
========================================================================
Worker process is ready to serve import requests
Launched and connected shader compiler UnityShaderCompiler.exe after 0.05 seconds
Refreshing native plugins compatible for Editor in 0.91 ms, found 3 plugins.
Preloading 0 native plugins for Editor in 0.00 ms.
Unloading 3331 Unused Serialized files (Serialized files now loaded: 0)
Unloading 26 unused Assets / (152.1 KB). Loaded Objects now: 3817.
Memory consumption went from 198.7 MB to 198.6 MB.
Total: 4.007400 ms (FindLiveObjects: 0.456700 ms CreateObjectMapping: 0.146000 ms MarkObjects: 3.139100 ms  DeleteObjects: 0.263600 ms)

AssetImportParameters requested are different than current active one (requested -> active):
  custom:video-decoder-ogg-theora: a1e56fd34408186e4bbccfd4996cb3dc -> 
  custom:container-muxer-webm: aa71ff27fc2769a1b78a27578f13a17b -> 
  custom:container-demuxer-webm: 4f35f7cbe854078d1ac9338744f61a02 -> 
  custom:video-encoder-webm-vp8: eb34c28f22e8b96e1ab97ce403110664 -> 
  custom:audio-encoder-webm-vorbis: bf7c407c2cedff20999df2af8eb42d56 -> 
  custom:framework-win-MediaFoundation: 216162199b28c13a410421893ffa2e32 -> 
  custom:container-demuxer-ogg: 62fdf1f143b41e24485cea50d1cbac27 -> 
  custom:video-decoder-webm-vp8: 9c59270c3fd7afecdb556c50c9e8de78 -> 
  custom:audio-decoder-ogg-vorbis: bf7c407c2cedff20999df2af8eb42d56 -> 
========================================================================
Received Prepare
Registering precompiled user dll's ...
Registered in 0.007816 seconds.
Begin MonoManager ReloadAssembly
Native extension for WindowsStandalone target not found
Native extension for WebGL target not found
Refreshing native plugins compatible for Editor in 1.17 ms, found 3 plugins.
Preloading 0 native plugins for Editor in 0.00 ms.
Mono: successfully reloaded assembly
- Completed reload, in  1.231 seconds
Domain Reload Profiling:
	ReloadAssembly (1233ms)
		BeginReloadAssembly (185ms)
			ExecutionOrderSort (0ms)
			DisableScriptedObjects (16ms)
			BackupInstance (0ms)
			ReleaseScriptingObjects (0ms)
			CreateAndSetChildDomain (42ms)
		EndReloadAssembly (943ms)
			LoadAssemblies (107ms)
			RebuildTransferFunctionScriptingTraits (0ms)
			SetupTypeCache (236ms)
			ReleaseScriptCaches (2ms)
			RebuildScriptCaches (48ms)
			SetupLoadedEditorAssemblies (521ms)
				LogAssemblyErrors (0ms)
				InitializePlatformSupportModulesInManaged (16ms)
				SetLoadedEditorAssemblies (1ms)
				RefreshPlugins (1ms)
				BeforeProcessingInitializeOnLoad (67ms)
				ProcessInitializeOnLoadAttributes (368ms)
				ProcessInitializeOnLoadMethodAttributes (55ms)
				AfterProcessingInitializeOnLoad (13ms)
				EditorAssembliesLoaded (0ms)
			ExecutionOrderSort2 (0ms)
			AwakeInstancesAfterBackupRestoration (9ms)
Platform modules already initialized, skipping
Refreshing native plugins compatible for Editor in 3.81 ms, found 3 plugins.
Preloading 0 native plugins for Editor in 0.00 ms.
Unloading 3307 Unused Serialized files (Serialized files now loaded: 0)
Unloading 19 unused Assets / (119.9 KB). Loaded Objects now: 3820.
Memory consumption went from 196.8 MB to 196.7 MB.
Total: 5.992100 ms (FindLiveObjects: 0.399600 ms CreateObjectMapping: 0.265700 ms MarkObjects: 5.083200 ms  DeleteObjects: 0.241600 ms)

AssetImportParameters requested are different than current active one (requested -> active):
  custom:video-decoder-ogg-theora: a1e56fd34408186e4bbccfd4996cb3dc -> 
  custom:container-muxer-webm: aa71ff27fc2769a1b78a27578f13a17b -> 
  custom:container-demuxer-webm: 4f35f7cbe854078d1ac9338744f61a02 -> 
  custom:video-encoder-webm-vp8: eb34c28f22e8b96e1ab97ce403110664 -> 
  custom:audio-encoder-webm-vorbis: bf7c407c2cedff20999df2af8eb42d56 -> 
  custom:framework-win-MediaFoundation: 216162199b28c13a410421893ffa2e32 -> 
  custom:container-demuxer-ogg: 62fdf1f143b41e24485cea50d1cbac27 -> 
  custom:video-decoder-webm-vp8: 9c59270c3fd7afecdb556c50c9e8de78 -> 
  custom:audio-decoder-ogg-vorbis: bf7c407c2cedff20999df2af8eb42d56 -> 
========================================================================
Received Import Request.
  Time since last request: 1483217.273955 seconds.
  path: Assets/PreFabs/AlienFighter 1.prefab
  artifactKey: Guid(440ebb8fe32e22b44ab1cec3512a5bc3) Importer(815301076,1909f56bfc062723c751e8b465ee728b)
Start importing Assets/PreFabs/AlienFighter 1.prefab using Guid(440ebb8fe32e22b44ab1cec3512a5bc3) Importer(815301076,1909f56bfc062723c751e8b465ee728b)  -> (artifact id: 'adff8b0d1af7fdcc7b115084e868336a') in 0.297723 seconds 
========================================================================
Received Import Request.
  Time since last request: 0.000023 seconds.
  path: Assets/PreFabs/AlienFighterGreen 1.prefab
  artifactKey: Guid(b6d949b1c7aae784093e9004f7c204d9) Importer(815301076,1909f56bfc062723c751e8b465ee728b)
Start importing Assets/PreFabs/AlienFighterGreen 1.prefab using Guid(b6d949b1c7aae784093e9004f7c204d9) Importer(815301076,1909f56bfc062723c751e8b465ee728b) Crash!!!
SymInit: Symbol-SearchPath: 'C:/Program Files/Unity/Hub/Editor/2021.3.10f1/Editor/Data/Mono;.;C:\Users\dylan\Downloads\Escape From Space 1\Escape From Space;C:\Users\dylan\Downloads\Escape From Space 1\Escape From Space\Library\BurstCache\JIT;C:\Program Files\Unity\Hub\Editor\2021.3.10f1\Editor;C:\WINDOWS;C:\WINDOWS\system32;SRV*C:\websymbols*http://msdl.microsoft.com/download/symbols;', symOptions: 534, UserName: 'dylan'
OS-Version: 10.0.0
C:\Program Files\Unity\Hub\Editor\2021.3.10f1\Editor\Unity.exe:Unity.exe (00007FF606180000), size: 73551872 (result: 0), SymType: '-deferred-', PDB: '', fileVersion: 2021.3.10.32013
C:\WINDOWS\SYSTEM32\ntdll.dll:ntdll.dll (00007FFE58C20000), size: 2134016 (result: 0), SymType: '-deferred-', PDB: '', fileVersion: 10.0.22000.918
C:\WINDOWS\System32\KERNEL32.DLL:KERNEL32.DLL (00007FFE579F0000), size: 778240 (result: 0), SymType: '-deferred-', PDB: '', fileVersion: 10.0.22000.1219
C:\WINDOWS\System32\KERNELBASE.dll:KERNELBASE.dll (00007FFE56470000), size: 3649536 (result: 0), SymType: '-deferred-', PDB: '', fileVersion: 10.0.22000.1165
C:\WINDOWS\System32\CRYPT32.dll:CRYPT32.dll (00007FFE56890000), size: 1449984 (result: 0), SymType: '-deferred-', PDB: '', fileVersion: 10.0.22000.1098
C:\WINDOWS\System32\ucrtbase.dll:ucrtbase.dll (00007FFE561B0000), size: 1118208 (result: 0), SymType: '-deferred-', PDB: '', fileVersion: 10.0.22000.1
C:\WINDOWS\System32\USER32.dll:USER32.dll (00007FFE577A0000), size: 1757184 (result: 0), SymType: '-deferred-', PDB: '', fileVersion: 10.0.22000.1165
C:\WINDOWS\System32\win32u.dll:win32u.dll (00007FFE56860000), size: 155648 (result: 0), SymType: '-deferred-', PDB: '', fileVersion: 10.0.22000.1219
C:\WINDOWS\System32\GDI32.dll:GDI32.dll (00007FFE58BB0000), size: 167936 (result: 0), SymType: '-deferred-', PDB: '', fileVersion: 10.0.22000.832
C:\Program Files\Unity\Hub\Editor\2021.3.10f1\Editor\optix.6.0.0.dll:optix.6.0.0.dll (00007FFE2DF30000), size: 208896 (result: 0), SymType: '-deferred-', PDB: '', fileVersion: 6.0.0.0
C:\Program Files\Unity\Hub\Editor\2021.3.10f1\Editor\s3tcompress.dll:s3tcompress.dll (00007FFE3ACA0000), size: 180224 (result: 0), SymType: '-deferred-', PDB: ''
C:\WINDOWS\System32\gdi32full.dll:gdi32full.dll (00007FFE562D0000), size: 1146880 (result: 0), SymType: '-deferred-', PDB: '', fileVersion: 10.0.22000.1098
C:\WINDOWS\System32\msvcp_win.dll:msvcp_win.dll (00007FFE56A00000), size: 643072 (result: 0), SymType: '-deferred-', PDB: '', fileVersion: 10.0.22000.1
C:\Program Files\Unity\Hub\Editor\2021.3.10f1\Editor\etccompress.dll:etccompress.dll (00007FFDC98A0000), size: 5066752 (result: 0), SymType: '-deferred-', PDB: ''
C:\Program Files\Unity\Hub\Editor\2021.3.10f1\Editor\libfbxsdk.dll:libfbxsdk.dll (00007FFDC5C30000), size: 10215424 (result: 0), SymType: '-deferred-', PDB: '', fileVersion: 2020.2.0.0
C:\Program Files\Unity\Hub\Editor\2021.3.10f1\Editor\ispc_texcomp.dll:ispc_texcomp.dll (00007FFDFAD50000), size: 1740800 (result: 0), SymType: '-deferred-', PDB: ''
C:\Program Files\Unity\Hub\Editor\2021.3.10f1\Editor\compress_bc7e.dll:compress_bc7e.dll (00007FFDFA950000), size: 1441792 (result: 0), SymType: '-deferred-', PDB: ''
C:\WINDOWS\System32\ADVAPI32.dll:ADVAPI32.dll (00007FFE57D80000), size: 712704 (result: 0), SymType: '-deferred-', PDB: '', fileVersion: 10.0.22000.1098
C:\Program Files\Unity\Hub\Editor\2021.3.10f1\Editor\FreeImage.dll:FreeImage.dll (0000000180000000), size: 6582272 (result: 0), SymType: '-deferred-', PDB: '', fileVersion: 3.18.0.0
C:\WINDOWS\System32\msvcrt.dll:msvcrt.dll (00007FFE57240000), size: 667648 (result: 0), SymType: '-deferred-', PDB: '', fileVersion: 7.0.22000.1
C:\Program Files\Unity\Hub\Editor\2021.3.10f1\Editor\OpenImageDenoise.dll:OpenImageDenoise.dll (00007FFDC0100000), size: 48848896 (result: 0), SymType: '-deferred-', PDB: '', fileVersion: 1.4.2.0
C:\WINDOWS\System32\sechost.dll:sechost.dll (00007FFE57380000), size: 647168 (result: 0), SymType: '-deferred-', PDB: '', fileVersion: 10.0.22000.708
C:\WINDOWS\System32\RPCRT4.dll:RPCRT4.dll (00007FFE56BD0000), size: 1179648 (result: 0), SymType: '-deferred-', PDB: '', fileVersion: 10.0.22000.675
C:\WINDOWS\System32\SHELL32.dll:SHELL32.dll (00007FFE57F80000), size: 8093696 (result: 0), SymType: '-deferred-', PDB: '', fileVersion: 10.0.22000.1165
C:\Program Files\Unity\Hub\Editor\2021.3.10f1\Editor\WinPixEventRuntime.dll:WinPixEventRuntime.dll (00007FFE41D20000), size: 45056 (result: 0), SymType: '-deferred-', PDB: '', fileVersion: 1.0.1812.6001
C:\Program Files\Unity\Hub\Editor\2021.3.10f1\Editor\umbraoptimizer64.dll:umbraoptimizer64.dll (00007FFDFAF40000), size: 1187840 (result: 0), SymType: '-deferred-', PDB: ''
C:\WINDOWS\System32\WS2_32.dll:WS2_32.dll (00007FFE572F0000), size: 454656 (result: 0), SymType: '-deferred-', PDB: '', fileVersion: 10.0.22000.1
C:\WINDOWS\System32\SHLWAPI.dll:SHLWAPI.dll (00007FFE57B80000), size: 380928 (result: 0), SymType: '-deferred-', PDB: '', fileVersion: 10.0.22000.1
C:\WINDOWS\System32\ole32.dll:ole32.dll (00007FFE57BE0000), size: 1679360 (result: 0), SymType: '-deferred-', PDB: '', fileVersion: 10.0.22000.120
C:\Program Files\Unity\Hub\Editor\2021.3.10f1\Editor\tbb12.dll:tbb12.dll (00007FFE21D10000), size: 434176 (result: 0), SymType: '-deferred-', PDB: ''
C:\WINDOWS\SYSTEM32\MSVCP140.dll:MSVCP140.dll (00007FFE34600000), size: 581632 (result: 0), SymType: '-deferred-', PDB: '', fileVersion: 14.32.31332.0
C:\WINDOWS\System32\combase.dll:combase.dll (00007FFE57420000), size: 3637248 (result: 0), SymType: '-deferred-', PDB: '', fileVersion: 10.0.22000.1165
C:\WINDOWS\System32\IMM32.dll:IMM32.dll (00007FFE57B40000), size: 204800 (result: 0), SymType: '-deferred-', PDB: '', fileVersion: 10.0.22000.1165
C:\WINDOWS\SYSTEM32\VCRUNTIME140.dll:VCRUNTIME140.dll (00007FFE34C70000), size: 110592 (result: 0), SymType: '-deferred-', PDB: '', fileVersion: 14.32.31332.0
C:\WINDOWS\System32\SETUPAPI.dll:SETUPAPI.dll (00007FFE58740000), size: 4636672 (result: 0), SymType: '-deferred-', PDB: '', fileVersion: 10.0.22000.469
C:\WINDOWS\System32\OLEAUT32.dll:OLEAUT32.dll (00007FFE56CF0000), size: 876544 (result: 0), SymType: '-deferred-', PDB: '', fileVersion: 10.0.22000.1
C:\WINDOWS\System32\WINTRUST.dll:WINTRUST.dll (00007FFE567F0000), size: 425984 (result: 0), SymType: '-deferred-', PDB: '', fileVersion: 10.0.22000.1165
C:\WINDOWS\SYSTEM32\VCRUNTIME140_1.dll:VCRUNTIME140_1.dll (00007FFE345F0000), size: 49152 (result: 0), SymType: '-deferred-', PDB: '', fileVersion: 14.32.31332.0
C:\WINDOWS\SYSTEM32\OPENGL32.dll:OPENGL32.dll (00007FFE3ACD0000), size: 1052672 (result: 0), SymType: '-deferred-', PDB: '', fileVersion: 10.0.22000.1042
C:\Program Files\Unity\Hub\Editor\2021.3.10f1\Editor\tbbmalloc.dll:tbbmalloc.dll (00007FFE29E20000), size: 282624 (result: 0), SymType: '-deferred-', PDB: ''
C:\WINDOWS\SYSTEM32\GLU32.dll:GLU32.dll (00007FFE41CC0000), size: 184320 (result: 0), SymType: '-deferred-', PDB: '', fileVersion: 10.0.22000.1042
C:\WINDOWS\SYSTEM32\IPHLPAPI.DLL:IPHLPAPI.DLL (00007FFE54CA0000), size: 184320 (result: 0), SymType: '-deferred-', PDB: '', fileVersion: 10.0.22000.282
C:\WINDOWS\SYSTEM32\WINHTTP.dll:WINHTTP.dll (00007FFE50BA0000), size: 1130496 (result: 0), SymType: '-deferred-', PDB: '', fileVersion: 10.0.22000.1165
C:\WINDOWS\SYSTEM32\WINMM.dll:WINMM.dll (00007FFE4F390000), size: 208896 (result: 0), SymType: '-deferred-', PDB: '', fileVersion: 10.0.22000.1
C:\WINDOWS\SYSTEM32\HID.DLL:HID.DLL (00007FFE54A50000), size: 57344 (result: 0), SymType: '-deferred-', PDB: '', fileVersion: 10.0.22000.1
C:\WINDOWS\SYSTEM32\dwmapi.dll:dwmapi.dll (00007FFE535C0000), size: 192512 (result: 0), SymType: '-deferred-', PDB: '', fileVersion: 10.0.22000.41
C:\Program Files\Unity\Hub\Editor\2021.3.10f1\Editor\RadeonImageFilters.dll:RadeonImageFilters.dll (00007FFDFA190000), size: 2961408 (result: 0), SymType: '-deferred-', PDB: '', fileVersion: 1.7.0.0
C:\Program Files\Unity\Hub\Editor\2021.3.10f1\Editor\SketchUpAPI.dll:SketchUpAPI.dll (00007FFDC7790000), size: 9306112 (result: 0), SymType: '-deferred-', PDB: '', fileVersion: 20.2.172.0
C:\WINDOWS\SYSTEM32\VERSION.dll:VERSION.dll (00007FFE4E4B0000), size: 40960 (result: 0), SymType: '-deferred-', PDB: '', fileVersion: 10.0.22000.1
C:\WINDOWS\SYSTEM32\WSOCK32.dll:WSOCK32.dll (00007FFE3D240000), size: 36864 (result: 0), SymType: '-deferred-', PDB: '', fileVersion: 10.0.22000.1
C:\WINDOWS\SYSTEM32\bcrypt.dll:bcrypt.dll (00007FFE55AD0000), size: 159744 (result: 0), SymType: '-deferred-', PDB: '', fileVersion: 10.0.22000.1
C:\Program Files\Unity\Hub\Editor\2021.3.10f1\Editor\RadeonML.dll:RadeonML.dll (00007FFE398D0000), size: 94208 (result: 0), SymType: '-deferred-', PDB: '', fileVersion: 0.9.11.0
C:\Program Files\Unity\Hub\Editor\2021.3.10f1\Editor\SketchUpCommonPreferences.dll:SketchUpCommonPreferences.dll (00007FFE13050000), size: 479232 (result: 0), SymType: '-deferred-', PDB: '', fileVersion: 20.2.172.37
C:\WINDOWS\SYSTEM32\Secur32.dll:Secur32.dll (00007FFE35EF0000), size: 49152 (result: 0), SymType: '-deferred-', PDB: '', fileVersion: 10.0.22000.675
C:\WINDOWS\SYSTEM32\SSPICLI.DLL:SSPICLI.DLL (00007FFE554A0000), size: 270336 (result: 0), SymType: '-deferred-', PDB: '', fileVersion: 10.0.22000.1098
C:\WINDOWS\SYSTEM32\dxcore.dll:dxcore.dll (00007FFE53430000), size: 229376 (result: 0), SymType: '-deferred-', PDB: '', fileVersion: 10.0.22000.653
C:\Program Files\Unity\Hub\Editor\2021.3.10f1\Editor\OpenRL.dll:OpenRL.dll (00000291F8850000), size: 12779520 (result: 0), SymType: '-deferred-', PDB: '', fileVersion: 1.5.0.2907
C:\WINDOWS\SYSTEM32\cfgmgr32.DLL:cfgmgr32.DLL (00007FFE55DF0000), size: 311296 (result: 0), SymType: '-deferred-', PDB: '', fileVersion: 10.0.22000.1
C:\WINDOWS\SYSTEM32\MSWSOCK.DLL:MSWSOCK.DLL (00007FFE55700000), size: 421888 (result: 0), SymType: '-deferred-', PDB: '', fileVersion: 10.0.22000.1
C:\WINDOWS\SYSTEM32\MSVCR100.dll:MSVCR100.dll (0000000051E70000), size: 860160 (result: 0), SymType: '-deferred-', PDB: '', fileVersion: 10.0.40219.325
C:\WINDOWS\SYSTEM32\MSVCP100.dll:MSVCP100.dll (0000000051F50000), size: 622592 (result: 0), SymType: '-deferred-', PDB: '', fileVersion: 10.0.40219.325
C:\Program Files\Unity\Hub\Editor\2021.3.10f1\Editor\embree.dll:embree.dll (00007FFDB9BB0000), size: 16711680 (result: 0), SymType: '-deferred-', PDB: '', fileVersion: 2.14.0.0
C:\Program Files\Unity\Hub\Editor\2021.3.10f1\Editor\tbb.dll:tbb.dll (00007FFE17600000), size: 413696 (result: 0), SymType: '-deferred-', PDB: '', fileVersion: 2017.0.2016.1004
C:\WINDOWS\SYSTEM32\MSVCP120.dll:MSVCP120.dll (00007FFDF9F70000), size: 679936 (result: 0), SymType: '-deferred-', PDB: '', fileVersion: 12.0.21005.1
C:\WINDOWS\SYSTEM32\MSVCR120.dll:MSVCR120.dll (00007FFE10380000), size: 978944 (result: 0), SymType: '-deferred-', PDB: '', fileVersion: 12.0.21005.1
C:\Program Files\Unity\Hub\Editor\2021.3.10f1\Editor\OpenRL_pthread.dll:OpenRL_pthread.dll (00000291F94A0000), size: 61440 (result: 0), SymType: '-deferred-', PDB: '', fileVersion: 2.9.0.0
C:\WINDOWS\SYSTEM32\MSASN1.dll:MSASN1.dll (00007FFE559A0000), size: 73728 (result: 0), SymType: '-deferred-', PDB: '', fileVersion: 10.0.22000.1219
C:\WINDOWS\SYSTEM32\kernel.appcore.dll:kernel.appcore.dll (00007FFE551E0000), size: 98304 (result: 0), SymType: '-deferred-', PDB: '', fileVersion: 10.0.22000.71
C:\WINDOWS\System32\bcryptPrimitives.dll:bcryptPrimitives.dll (00007FFE563F0000), size: 520192 (result: 0), SymType: '-deferred-', PDB: '', fileVersion: 10.0.22000.778
C:\WINDOWS\system32\uxtheme.dll:uxtheme.dll (00007FFE53320000), size: 704512 (result: 0), SymType: '-deferred-', PDB: '', fileVersion: 10.0.22000.832
C:\WINDOWS\System32\shcore.dll:shcore.dll (00007FFE57060000), size: 958464 (result: 0), SymType: '-deferred-', PDB: '', fileVersion: 10.0.22000.613
C:\WINDOWS\SYSTEM32\windows.storage.dll:windows.storage.dll (00007FFE541E0000), size: 8802304 (result: 0), SymType: '-deferred-', PDB: '', fileVersion: 10.0.22000.1165
C:\WINDOWS\SYSTEM32\wintypes.dll:wintypes.dll (00007FFE54070000), size: 1466368 (result: 0), SymType: '-deferred-', PDB: '', fileVersion: 10.0.22000.1165
C:\WINDOWS\SYSTEM32\profapi.dll:profapi.dll (00007FFE56020000), size: 135168 (result: 0), SymType: '-deferred-', PDB: '', fileVersion: 10.0.22000.1
C:\WINDOWS\system32\IconCodecService.dll:IconCodecService.dll (00007FFE4E500000), size: 36864 (result: 0), SymType: '-deferred-', PDB: '', fileVersion: 10.0.22000.1
C:\WINDOWS\SYSTEM32\WindowsCodecs.dll:WindowsCodecs.dll (00007FFE4D140000), size: 1761280 (result: 0), SymType: '-deferred-', PDB: '', fileVersion: 10.0.22000.1042
C:\WINDOWS\System32\clbcatq.dll:clbcatq.dll (00007FFE56AA0000), size: 741376 (result: 0), SymType: '-deferred-', PDB: '', fileVersion: 2001.12.10941.16384
C:\WINDOWS\System32\netprofm.dll:netprofm.dll (00007FFE503E0000), size: 462848 (result: 0), SymType: '-deferred-', PDB: '', fileVersion: 10.0.22000.708
C:\WINDOWS\System32\npmproxy.dll:npmproxy.dll (00007FFE47720000), size: 73728 (result: 0), SymType: '-deferred-', PDB: '', fileVersion: 10.0.22000.65
C:\WINDOWS\System32\NSI.dll:NSI.dll (00007FFE579E0000), size: 36864 (result: 0), SymType: '-deferred-', PDB: '', fileVersion: 10.0.22000.1
C:\WINDOWS\SYSTEM32\dhcpcsvc6.DLL:dhcpcsvc6.DLL (00007FFE4EF30000), size: 102400 (result: 0), SymType: '-deferred-', PDB: '', fileVersion: 10.0.22000.1098
C:\WINDOWS\SYSTEM32\dhcpcsvc.DLL:dhcpcsvc.DLL (00007FFE4F670000), size: 122880 (result: 0), SymType: '-deferred-', PDB: '', fileVersion: 10.0.22000.1098
C:\WINDOWS\SYSTEM32\DNSAPI.dll:DNSAPI.dll (00007FFE54CD0000), size: 950272 (result: 0), SymType: '-deferred-', PDB: '', fileVersion: 10.0.22000.1165
C:\WINDOWS\System32\fwpuclnt.dll:fwpuclnt.dll (00007FFE49060000), size: 528384 (result: 0), SymType: '-deferred-', PDB: '', fileVersion: 10.0.22000.1042
C:\Windows\System32\rasadhlp.dll:rasadhlp.dll (00007FFE4D380000), size: 40960 (result: 0), SymType: '-deferred-', PDB: '', fileVersion: 10.0.22000.1
C:\Program Files\Unity\Hub\Editor\2021.3.10f1\Editor\NVUnityPlugin.DLL:NVUnityPlugin.DLL (00007FFDB9760000), size: 1536000 (result: 0), SymType: '-deferred-', PDB: ''
C:\Program Files\Unity\Hub\Editor\2021.3.10f1\Editor\Data\Tools\astcenc-avx2.dll:astcenc-avx2.dll (00007FFDC5110000), size: 561152 (result: 0), SymType: '-deferred-', PDB: ''
C:\WINDOWS\SYSTEM32\d3d11.dll:d3d11.dll (00007FFE4DCA0000), size: 2621440 (result: 0), SymType: '-deferred-', PDB: '', fileVersion: 10.0.22000.1042
C:\WINDOWS\SYSTEM32\dxgi.dll:dxgi.dll (00007FFE53480000), size: 995328 (result: 0), SymType: '-deferred-', PDB: '', fileVersion: 10.0.22000.1042
C:\WINDOWS\SYSTEM32\directxdatabasehelper.dll:directxdatabasehelper.dll (00007FFE4EBD0000), size: 278528 (result: 0), SymType: '-deferred-', PDB: '', fileVersion: 10.0.22000.653
C:\WINDOWS\SYSTEM32\ntmarta.dll:ntmarta.dll (00007FFE55200000), size: 212992 (result: 0), SymType: '-deferred-', PDB: '', fileVersion: 10.0.22000.1
C:\WINDOWS\System32\DriverStore\FileRepository\iigd_dch.inf_amd64_9dbfad2c6843c394\igd10iumd64.dll:igd10iumd64.dll (00007FFE45440000), size: 31182848 (result: 0), SymType: '-deferred-', PDB: '', fileVersion: 30.0.101.1029
C:\WINDOWS\SYSTEM32\ncrypt.dll:ncrypt.dll (00007FFE55AA0000), size: 163840 (result: 0), SymType: '-deferred-', PDB: '', fileVersion: 10.0.22000.1
C:\WINDOWS\SYSTEM32\apphelp.dll:apphelp.dll (00007FFE53190000), size: 598016 (result: 0), SymType: '-deferred-', PDB: '', fileVersion: 10.0.22000.1042
C:\WINDOWS\SYSTEM32\NTASN1.dll:NTASN1.dll (00007FFE55A60000), size: 225280 (result: 0), SymType: '-deferred-', PDB: '', fileVersion: 10.0.22000.1
C:\WINDOWS\System32\DriverStore\FileRepository\iigd_dch.inf_amd64_9dbfad2c6843c394\igdgmm64.dll:igdgmm64.dll (00007FFE43F60000), size: 3936256 (result: 0), SymType: '-deferred-', PDB: '', fileVersion: 30.0.101.1029
C:\WINDOWS\System32\DriverStore\FileRepository\iigd_dch.inf_amd64_9dbfad2c6843c394\igc64.dll:igc64.dll (00007FFE3DE50000), size: 52822016 (result: 0), SymType: '-deferred-', PDB: '', fileVersion: 30.0.101.1029
C:\WINDOWS\system32\wbem\wbemprox.dll:wbemprox.dll (00007FFE4D350000), size: 65536 (result: 0), SymType: '-deferred-', PDB: '', fileVersion: 10.0.22000.1
C:\WINDOWS\SYSTEM32\wbemcomn.dll:wbemcomn.dll (00007FFE4D390000), size: 532480 (result: 0), SymType: '-deferred-', PDB: '', fileVersion: 10.0.22000.1
C:\WINDOWS\system32\wbem\wbemsvc.dll:wbemsvc.dll (00007FFE428D0000), size: 81920 (result: 0), SymType: '-deferred-', PDB: '', fileVersion: 10.0.22000.1
C:\WINDOWS\system32\wbem\fastprox.dll:fastprox.dll (00007FFE42F60000), size: 1024000 (result: 0), SymType: '-deferred-', PDB: '', fileVersion: 10.0.22000.1
C:\WINDOWS\SYSTEM32\amsi.dll:amsi.dll (00007FFE42800000), size: 143360 (result: 0), SymType: '-deferred-', PDB: '', fileVersion: 10.0.22000.1042
C:\WINDOWS\SYSTEM32\USERENV.dll:USERENV.dll (00007FFE557F0000), size: 167936 (result: 0), SymType: '-deferred-', PDB: '', fileVersion: 10.0.22000.1
C:\ProgramData\Microsoft\Windows Defender\Platform\4.18.2211.5-0\MpOav.dll:MpOav.dll (00007FFDFB7E0000), size: 503808 (result: 0), SymType: '-deferred-', PDB: '', fileVersion: 4.18.2211.5
C:\Program Files\McAfee\MfeAV\AMSIExt.dll:AMSIExt.dll (00007FFE42690000), size: 962560 (result: 0), SymType: '-deferred-', PDB: '', fileVersion: 25.3.140.0
C:\WINDOWS\System32\PSAPI.DLL:PSAPI.DLL (00007FFE56DD0000), size: 32768 (result: 0), SymType: '-deferred-', PDB: '', fileVersion: 10.0.22000.1
C:\WINDOWS\SYSTEM32\CRYPTSP.dll:CRYPTSP.dll (00007FFE55940000), size: 98304 (result: 0), SymType: '-deferred-', PDB: '', fileVersion: 10.0.22000.1
C:\WINDOWS\system32\rsaenh.dll:rsaenh.dll (00007FFE55140000), size: 217088 (result: 0), SymType: '-deferred-', PDB: '', fileVersion: 10.0.22000.282
C:\WINDOWS\SYSTEM32\CRYPTBASE.dll:CRYPTBASE.dll (00007FFE55960000), size: 49152 (result: 0), SymType: '-deferred-', PDB: '', fileVersion: 10.0.22000.1
C:\WINDOWS\System32\imagehlp.dll:imagehlp.dll (00007FFE57E30000), size: 126976 (result: 0), SymType: '-deferred-', PDB: '', fileVersion: 10.0.22000.1
C:\WINDOWS\SYSTEM32\gpapi.dll:gpapi.dll (00007FFE55790000), size: 147456 (result: 0), SymType: '-deferred-', PDB: '', fileVersion: 10.0.22000.978
C:\WINDOWS\SYSTEM32\cryptnet.dll:cryptnet.dll (00007FFE44740000), size: 200704 (result: 0), SymType: '-deferred-', PDB: '', fileVersion: 10.0.22000.1
C:\Program Files\Common Files\McAfee\SystemCore\mfehida.dll:mfehida.dll (00007FFE42600000), size: 565248 (result: 0), SymType: '-deferred-', PDB: '', fileVersion: 21.9.0.184
C:\Program Files\Common Files\McAfee\SystemCore\mfemmsa.dll:mfemmsa.dll (00007FFE42540000), size: 778240 (result: 0), SymType: '-deferred-', PDB: '', fileVersion: 21.9.0.184
C:\WINDOWS\SYSTEM32\opencl.dll:opencl.dll (00007FFDF7350000), size: 114688 (result: 0), SymType: '-deferred-', PDB: '', fileVersion: 3.0.1.0
C:\Program Files\Unity\Hub\Editor\2021.3.10f1\Editor\radeonrays.dll:radeonrays.dll (00007FFDBFEA0000), size: 557056 (result: 0), SymType: '-deferred-', PDB: ''
C:\Program Files\Unity\Hub\Editor\2021.3.10f1\Editor\Data\MonoBleedingEdge\EmbedRuntime\mono-2.0-bdwgc.dll:mono-2.0-bdwgc.dll (00007FFDB8990000), size: 10686464 (result: 0), SymType: '-deferred-', PDB: ''
C:\WINDOWS\SYSTEM32\PROPSYS.dll:PROPSYS.dll (00007FFE52E60000), size: 1011712 (result: 0), SymType: '-deferred-', PDB: '', fileVersion: 7.0.22000.37
C:\Windows\System32\Windows.System.Launcher.dll:Windows.System.Launcher.dll (00007FFE43300000), size: 1286144 (result: 0), SymType: '-deferred-', PDB: '', fileVersion: 10.0.22000.1165
C:\Windows\System32\msvcp110_win.dll:msvcp110_win.dll (00007FFE526B0000), size: 598016 (result: 0), SymType: '-deferred-', PDB: '', fileVersion: 10.0.22000.1
C:\WINDOWS\SYSTEM32\windows.staterepositorycore.dll:windows.staterepositorycore.dll (00007FFE4D330000), size: 110592 (result: 0), SymType: '-deferred-', PDB: '', fileVersion: 10.0.22000.1165
C:\WINDOWS\WinSxS\amd64_microsoft.windows.common-controls_6595b64144ccf1df_6.0.22000.120_none_9d947278b86cc467\comctl32.dll:comctl32.dll (00007FFE37DF0000), size: 2772992 (result: 0), SymType: '-deferred-', PDB: '', fileVersion: 6.10.22000.120
C:\Windows\System32\thumbcache.dll:thumbcache.dll (00007FFE2DF90000), size: 417792 (result: 0), SymType: '-deferred-', PDB: '', fileVersion: 10.0.22000.51
C:\WINDOWS\SYSTEM32\dbghelp.dll:dbghelp.dll (00007FFE53B20000), size: 2232320 (result: 0), SymType: '-deferred-', PDB: '', fileVersion: 10.0.22000.1

========== OUTPUTTING STACK TRACE ==================

0x00007FFE4574A6B5 (igd10iumd64) OpenAdapter10_2
0x00007FFE4574BB9C (igd10iumd64) OpenAdapter10_2
0x00007FFE4574A49F (igd10iumd64) OpenAdapter10_2
0x00007FFE4574A2BD (igd10iumd64) OpenAdapter10_2
SymInit: Symbol-SearchPath: 'C:/Program Files/Unity/Hub/Editor/2021.3.10f1/Editor/Data/Mono;.;C:\Users\dylan\Downloads\Escape From Space 1\Escape From Space;C:\Users\dylan\Downloads\Escape From Space 1\Escape From Space\Library\BurstCache\JIT;C:\Program Files\Unity\Hub\Editor\2021.3.10f1\Editor;C:\WINDOWS;C:\WINDOWS\system32;SRV*C:\websymbols*http://msdl.microsoft.com/download/symbols;', symOptions: 534, UserName: 'dylan'
OS-Version: 10.0.0
C:\Program Files\Unity\Hub\Editor\2021.3.10f1\Editor\Unity.exe:Unity.exe (00007FF606180000), size: 73551872 (result: 0), SymType: 'PDB', PDB: 'C:\Program Files\Unity\Hub\Editor\2021.3.10f1\Editor\Unity_x64.pdb', fileVersion: 2021.3.10.32013
C:\WINDOWS\SYSTEM32\ntdll.dll:ntdll.dll (00007FFE58C20000), size: 2134016 (result: 0), SymType: '-exported-', PDB: 'C:\WINDOWS\SYSTEM32\ntdll.dll', fileVersion: 10.0.22000.918
C:\WINDOWS\System32\KERNEL32.DLL:KERNEL32.DLL (00007FFE579F0000), size: 778240 (result: 0), SymType: '-exported-', PDB: 'C:\WINDOWS\System32\KERNEL32.DLL', fileVersion: 10.0.22000.1219
C:\WINDOWS\System32\KERNELBASE.dll:KERNELBASE.dll (00007FFE56470000), size: 3649536 (result: 0), SymType: '-exported-', PDB: 'C:\WINDOWS\System32\KERNELBASE.dll', fileVersion: 10.0.22000.1165
C:\WINDOWS\System32\CRYPT32.dll:CRYPT32.dll (00007FFE56890000), size: 1449984 (result: 0), SymType: '-exported-', PDB: 'C:\WINDOWS\System32\CRYPT32.dll', fileVersion: 10.0.22000.1098
C:\WINDOWS\System32\ucrtbase.dll:ucrtbase.dll (00007FFE561B0000), size: 1118208 (result: 0), SymType: '-exported-', PDB: 'C:\WINDOWS\System32\ucrtbase.dll', fileVersion: 10.0.22000.1
C:\WINDOWS\System32\USER32.dll:USER32.dll (00007FFE577A0000), size: 1757184 (result: 0), SymType: '-exported-', PDB: 'C:\WINDOWS\System32\USER32.dll', fileVersion: 10.0.22000.1165
C:\WINDOWS\System32\win32u.dll:win32u.dll (00007FFE56860000), size: 155648 (result: 0), SymType: '-exported-', PDB: 'C:\WINDOWS\System32\win32u.dll', fileVersion: 10.0.22000.1219
C:\WINDOWS\System32\GDI32.dll:GDI32.dll (00007FFE58BB0000), size: 167936 (result: 0), SymType: '-exported-', PDB: 'C:\WINDOWS\System32\GDI32.dll', fileVersion: 10.0.22000.832
C:\Program Files\Unity\Hub\Editor\2021.3.10f1\Editor\optix.6.0.0.dll:optix.6.0.0.dll (00007FFE2DF30000), size: 208896 (result: 0), SymType: '-exported-', PDB: 'C:\Program Files\Unity\Hub\Editor\2021.3.10f1\Editor\optix.6.0.0.dll', fileVersion: 6.0.0.0
C:\Program Files\Unity\Hub\Editor\2021.3.10f1\Editor\s3tcompress.dll:s3tcompress.dll (00007FFE3ACA0000), size: 180224 (result: 0), SymType: '-exported-', PDB: 'C:\Program Files\Unity\Hub\Editor\2021.3.10f1\Editor\s3tcompress.dll'
C:\WINDOWS\System32\gdi32full.dll:gdi32full.dll (00007FFE562D0000), size: 1146880 (result: 0), SymType: '-exported-', PDB: 'C:\WINDOWS\System32\gdi32full.dll', fileVersion: 10.0.22000.1098
C:\WINDOWS\System32\msvcp_win.dll:msvcp_win.dll (00007FFE56A00000), size: 643072 (result: 0), SymType: '-exported-', PDB: 'C:\WINDOWS\System32\msvcp_win.dll', fileVersion: 10.0.22000.1
C:\Program Files\Unity\Hub\Editor\2021.3.10f1\Editor\etccompress.dll:etccompress.dll (00007FFDC98A0000), size: 5066752 (result: 0), SymType: '-exported-', PDB: 'C:\Program Files\Unity\Hub\Editor\2021.3.10f1\Editor\etccompress.dll'
C:\Program Files\Unity\Hub\Editor\2021.3.10f1\Editor\libfbxsdk.dll:libfbxsdk.dll (00007FFDC5C30000), size: 10215424 (result: 0), SymType: '-exported-', PDB: 'C:\Program Files\Unity\Hub\Editor\2021.3.10f1\Editor\libfbxsdk.dll', fileVersion: 2020.2.0.0
C:\Program Files\Unity\Hub\Editor\2021.3.10f1\Editor\ispc_texcomp.dll:ispc_texcomp.dll (00007FFDFAD50000), size: 1740800 (result: 0), SymType: '-exported-', PDB: 'C:\Program Files\Unity\Hub\Editor\2021.3.10f1\Editor\ispc_texcomp.dll'
C:\Program Files\Unity\Hub\Editor\2021.3.10f1\Editor\compress_bc7e.dll:compress_bc7e.dll (00007FFDFA950000), size: 1441792 (result: 0), SymType: '-exported-', PDB: 'C:\Program Files\Unity\Hub\Editor\2021.3.10f1\Editor\compress_bc7e.dll'
C:\WINDOWS\System32\ADVAPI32.dll:ADVAPI32.dll (00007FFE57D80000), size: 712704 (result: 0), SymType: '-exported-', PDB: 'C:\WINDOWS\System32\ADVAPI32.dll', fileVersion: 10.0.22000.1098
C:\Program Files\Unity\Hub\Editor\2021.3.10f1\Editor\FreeImage.dll:FreeImage.dll (0000000180000000), size: 6582272 (result: 0), SymType: '-exported-', PDB: 'C:\Program Files\Unity\Hub\Editor\2021.3.10f1\Editor\FreeImage.dll', fileVersion: 3.18.0.0
C:\WINDOWS\System32\msvcrt.dll:msvcrt.dll (00007FFE57240000), size: 667648 (result: 0), SymType: '-exported-', PDB: 'C:\WINDOWS\System32\msvcrt.dll', fileVersion: 7.0.22000.1
C:\Program Files\Unity\Hub\Editor\2021.3.10f1\Editor\OpenImageDenoise.dll:OpenImageDenoise.dll (00007FFDC0100000), size: 48848896 (result: 0), SymType: '-exported-', PDB: 'C:\Program Files\Unity\Hub\Editor\2021.3.10f1\Editor\OpenImageDenoise.dll', fileVersion: 1.4.2.0
C:\WINDOWS\System32\sechost.dll:sechost.dll (00007FFE57380000), size: 647168 (result: 0), SymType: '-exported-', PDB: 'C:\WINDOWS\System32\sechost.dll', fileVersion: 10.0.22000.708
C:\WINDOWS\System32\RPCRT4.dll:RPCRT4.dll (00007FFE56BD0000), size: 1179648 (result: 0), SymType: '-exported-', PDB: 'C:\WINDOWS\System32\RPCRT4.dll', fileVersion: 10.0.22000.675
C:\WINDOWS\System32\SHELL32.dll:SHELL32.dll (00007FFE57F80000), size: 8093696 (result: 0), SymType: '-exported-', PDB: 'C:\WINDOWS\System32\SHELL32.dll', fileVersion: 10.0.22000.1165
C:\Program Files\Unity\Hub\Editor\2021.3.10f1\Editor\WinPixEventRuntime.dll:WinPixEventRuntime.dll (00007FFE41D20000), size: 45056 (result: 0), SymType: '-exported-', PDB: 'C:\Program Files\Unity\Hub\Editor\2021.3.10f1\Editor\WinPixEventRuntime.dll', fileVersion: 1.0.1812.6001
C:\Program Files\Unity\Hub\Editor\2021.3.10f1\Editor\umbraoptimizer64.dll:umbraoptimizer64.dll (00007FFDFAF40000), size: 1187840 (result: 0), SymType: '-exported-', PDB: 'C:\Program Files\Unity\Hub\Editor\2021.3.10f1\Editor\umbraoptimizer64.dll'
C:\WINDOWS\System32\WS2_32.dll:WS2_32.dll (00007FFE572F0000), size: 454656 (result: 0), SymType: '-exported-', PDB: 'C:\WINDOWS\System32\WS2_32.dll', fileVersion: 10.0.22000.1
C:\WINDOWS\System32\SHLWAPI.dll:SHLWAPI.dll (00007FFE57B80000), size: 380928 (result: 0), SymType: '-exported-', PDB: 'C:\WINDOWS\System32\SHLWAPI.dll', fileVersion: 10.0.22000.1
C:\WINDOWS\System32\ole32.dll:ole32.dll (00007FFE57BE0000), size: 1679360 (result: 0), SymType: '-exported-', PDB: 'C:\WINDOWS\System32\ole32.dll', fileVersion: 10.0.22000.120
C:\Program Files\Unity\Hub\Editor\2021.3.10f1\Editor\tbb12.dll:tbb12.dll (00007FFE21D10000), size: 434176 (result: 0), SymType: '-exported-', PDB: 'C:\Program Files\Unity\Hub\Editor\2021.3.10f1\Editor\tbb12.dll'
C:\WINDOWS\SYSTEM32\MSVCP140.dll:MSVCP140.dll (00007FFE34600000), size: 581632 (result: 0), SymType: '-exported-', PDB: 'C:\WINDOWS\SYSTEM32\MSVCP140.dll', fileVersion: 14.32.31332.0
C:\WINDOWS\System32\combase.dll:combase.dll (00007FFE57420000), size: 3637248 (result: 0), SymType: '-exported-', PDB: 'C:\WINDOWS\System32\combase.dll', fileVersion: 10.0.22000.1165
C:\WINDOWS\System32\IMM32.dll:IMM32.dll (00007FFE57B40000), size: 204800 (result: 0), SymType: '-exported-', PDB: 'C:\WINDOWS\System32\IMM32.dll', fileVersion: 10.0.22000.1165
C:\WINDOWS\SYSTEM32\VCRUNTIME140.dll:VCRUNTIME140.dll (00007FFE34C70000), size: 110592 (result: 0), SymType: '-exported-', PDB: 'C:\WINDOWS\SYSTEM32\VCRUNTIME140.dll', fileVersion: 14.32.31332.0
C:\WINDOWS\System32\SETUPAPI.dll:SETUPAPI.dll (00007FFE58740000), size: 4636672 (result: 0), SymType: '-exported-', PDB: 'C:\WINDOWS\System32\SETUPAPI.dll', fileVersion: 10.0.22000.469
C:\WINDOWS\System32\OLEAUT32.dll:OLEAUT32.dll (00007FFE56CF0000), size: 876544 (result: 0), SymType: '-exported-', PDB: 'C:\WINDOWS\System32\OLEAUT32.dll', fileVersion: 10.0.22000.1
C:\WINDOWS\System32\WINTRUST.dll:WINTRUST.dll (00007FFE567F0000), size: 425984 (result: 0), SymType: '-exported-', PDB: 'C:\WINDOWS\System32\WINTRUST.dll', fileVersion: 10.0.22000.1165
C:\WINDOWS\SYSTEM32\VCRUNTIME140_1.dll:VCRUNTIME140_1.dll (00007FFE345F0000), size: 49152 (result: 0), SymType: '-exported-', PDB: 'C:\WINDOWS\SYSTEM32\VCRUNTIME140_1.dll', fileVersion: 14.32.31332.0
C:\WINDOWS\SYSTEM32\OPENGL32.dll:OPENGL32.dll (00007FFE3ACD0000), size: 1052672 (result: 0), SymType: '-exported-', PDB: 'C:\WINDOWS\SYSTEM32\OPENGL32.dll', fileVersion: 10.0.22000.1042
C:\Program Files\Unity\Hub\Editor\2021.3.10f1\Editor\tbbmalloc.dll:tbbmalloc.dll (00007FFE29E20000), size: 282624 (result: 0), SymType: '-exported-', PDB: 'C:\Program Files\Unity\Hub\Editor\2021.3.10f1\Editor\tbbmalloc.dll'
C:\WINDOWS\SYSTEM32\GLU32.dll:GLU32.dll (00007FFE41CC0000), size: 184320 (result: 0), SymType: '-exported-', PDB: 'C:\WINDOWS\SYSTEM32\GLU32.dll', fileVersion: 10.0.22000.1042
C:\WINDOWS\SYSTEM32\IPHLPAPI.DLL:IPHLPAPI.DLL (00007FFE54CA0000), size: 184320 (result: 0), SymType: '-exported-', PDB: 'C:\WINDOWS\SYSTEM32\IPHLPAPI.DLL', fileVersion: 10.0.22000.282
C:\WINDOWS\SYSTEM32\WINHTTP.dll:WINHTTP.dll (00007FFE50BA0000), size: 1130496 (result: 0), SymType: '-exported-', PDB: 'C:\WINDOWS\SYSTEM32\WINHTTP.dll', fileVersion: 10.0.22000.1165
C:\WINDOWS\SYSTEM32\WINMM.dll:WINMM.dll (00007FFE4F390000), size: 208896 (result: 0), SymType: '-exported-', PDB: 'C:\WINDOWS\SYSTEM32\WINMM.dll', fileVersion: 10.0.22000.1
C:\WINDOWS\SYSTEM32\HID.DLL:HID.DLL (00007FFE54A50000), size: 57344 (result: 0), SymType: '-exported-', PDB: 'C:\WINDOWS\SYSTEM32\HID.DLL', fileVersion: 10.0.22000.1
C:\WINDOWS\SYSTEM32\dwmapi.dll:dwmapi.dll (00007FFE535C0000), size: 192512 (result: 0), SymType: '-exported-', PDB: 'C:\WINDOWS\SYSTEM32\dwmapi.dll', fileVersion: 10.0.22000.41
C:\Program Files\Unity\Hub\Editor\2021.3.10f1\Editor\RadeonImageFilters.dll:RadeonImageFilters.dll (00007FFDFA190000), size: 2961408 (result: 0), SymType: '-exported-', PDB: 'C:\Program Files\Unity\Hub\Editor\2021.3.10f1\Editor\RadeonImageFilters.dll', fileVersion: 1.7.0.0
C:\Program Files\Unity\Hub\Editor\2021.3.10f1\Editor\SketchUpAPI.dll:SketchUpAPI.dll (00007FFDC7790000), size: 9306112 (result: 0), SymType: '-exported-', PDB: 'C:\Program Files\Unity\Hub\Editor\2021.3.10f1\Editor\SketchUpAPI.dll', fileVersion: 20.2.172.0
C:\WINDOWS\SYSTEM32\VERSION.dll:VERSION.dll (00007FFE4E4B0000), size: 40960 (result: 0), SymType: '-exported-', PDB: 'C:\WINDOWS\SYSTEM32\VERSION.dll', fileVersion: 10.0.22000.1
C:\WINDOWS\SYSTEM32\WSOCK32.dll:WSOCK32.dll (00007FFE3D240000), size: 36864 (result: 0), SymType: '-exported-', PDB: 'C:\WINDOWS\SYSTEM32\WSOCK32.dll', fileVersion: 10.0.22000.1
C:\WINDOWS\SYSTEM32\bcrypt.dll:bcrypt.dll (00007FFE55AD0000), size: 159744 (result: 0), SymType: '-exported-', PDB: 'C:\WINDOWS\SYSTEM32\bcrypt.dll', fileVersion: 10.0.22000.1
C:\Program Files\Unity\Hub\Editor\2021.3.10f1\Editor\RadeonML.dll:RadeonML.dll (00007FFE398D0000), size: 94208 (result: 0), SymType: '-exported-', PDB: 'C:\Program Files\Unity\Hub\Editor\2021.3.10f1\Editor\RadeonML.dll', fileVersion: 0.9.11.0
C:\Program Files\Unity\Hub\Editor\2021.3.10f1\Editor\SketchUpCommonPreferences.dll:SketchUpCommonPreferences.dll (00007FFE13050000), size: 479232 (result: 0), SymType: '-exported-', PDB: 'C:\Program Files\Unity\Hub\Editor\2021.3.10f1\Editor\SketchUpCommonPreferences.dll', fileVersion: 20.2.172.37
C:\WINDOWS\SYSTEM32\Secur32.dll:Secur32.dll (00007FFE35EF0000), size: 49152 (result: 0), SymType: '-exported-', PDB: 'C:\WINDOWS\SYSTEM32\Secur32.dll', fileVersion: 10.0.22000.675
C:\WINDOWS\SYSTEM32\SSPICLI.DLL:SSPICLI.DLL (00007FFE554A0000), size: 270336 (result: 0), SymType: '-exported-', PDB: 'C:\WINDOWS\SYSTEM32\SSPICLI.DLL', fileVersion: 10.0.22000.1098
C:\WINDOWS\SYSTEM32\dxcore.dll:dxcore.dll (00007FFE53430000), size: 229376 (result: 0), SymType: '-exported-', PDB: 'C:\WINDOWS\SYSTEM32\dxcore.dll', fileVersion: 10.0.22000.653
C:\Program Files\Unity\Hub\Editor\2021.3.10f1\Editor\OpenRL.dll:OpenRL.dll (00000291F8850000), size: 12779520 (result: 0), SymType: '-exported-', PDB: 'C:\Program Files\Unity\Hub\Editor\2021.3.10f1\Editor\OpenRL.dll', fileVersion: 1.5.0.2907
C:\WINDOWS\SYSTEM32\cfgmgr32.DLL:cfgmgr32.DLL (00007FFE55DF0000), size: 311296 (result: 0), SymType: '-exported-', PDB: 'C:\WINDOWS\SYSTEM32\cfgmgr32.DLL', fileVersion: 10.0.22000.1
C:\WINDOWS\SYSTEM32\MSWSOCK.DLL:MSWSOCK.DLL (00007FFE55700000), size: 421888 (result: 0), SymType: '-exported-', PDB: 'C:\WINDOWS\SYSTEM32\MSWSOCK.DLL', fileVersion: 10.0.22000.1
C:\WINDOWS\SYSTEM32\MSVCR100.dll:MSVCR100.dll (0000000051E70000), size: 860160 (result: 0), SymType: '-exported-', PDB: 'C:\WINDOWS\SYSTEM32\MSVCR100.dll', fileVersion: 10.0.40219.325
C:\WINDOWS\SYSTEM32\MSVCP100.dll:MSVCP100.dll (0000000051F50000), size: 622592 (result: 0), SymType: '-exported-', PDB: 'C:\WINDOWS\SYSTEM32\MSVCP100.dll', fileVersion: 10.0.40219.325
C:\Program Files\Unity\Hub\Editor\2021.3.10f1\Editor\embree.dll:embree.dll (00007FFDB9BB0000), size: 16711680 (result: 0), SymType: '-exported-', PDB: 'C:\Program Files\Unity\Hub\Editor\2021.3.10f1\Editor\embree.dll', fileVersion: 2.14.0.0
C:\Program Files\Unity\Hub\Editor\2021.3.10f1\Editor\tbb.dll:tbb.dll (00007FFE17600000), size: 413696 (result: 0), SymType: '-exported-', PDB: 'C:\Program Files\Unity\Hub\Editor\2021.3.10f1\Editor\tbb.dll', fileVersion: 2017.0.2016.1004
C:\WINDOWS\SYSTEM32\MSVCP120.dll:MSVCP120.dll (00007FFDF9F70000), size: 679936 (result: 0), SymType: '-exported-', PDB: 'C:\WINDOWS\SYSTEM32\MSVCP120.dll', fileVersion: 12.0.21005.1
C:\WINDOWS\SYSTEM32\MSVCR120.dll:MSVCR120.dll (00007FFE10380000), size: 978944 (result: 0), SymType: '-exported-', PDB: 'C:\WINDOWS\SYSTEM32\MSVCR120.dll', fileVersion: 12.0.21005.1
C:\Program Files\Unity\Hub\Editor\2021.3.10f1\Editor\OpenRL_pthread.dll:OpenRL_pthread.dll (00000291F94A0000), size: 61440 (result: 0), SymType: '-exported-', PDB: 'C:\Program Files\Unity\Hub\Editor\2021.3.10f1\Editor\OpenRL_pthread.dll', fileVersion: 2.9.0.0
C:\WINDOWS\SYSTEM32\MSASN1.dll:MSASN1.dll (00007FFE559A0000), size: 73728 (result: 0), SymType: '-exported-', PDB: 'C:\WINDOWS\SYSTEM32\MSASN1.dll', fileVersion: 10.0.22000.1219
C:\WINDOWS\SYSTEM32\kernel.appcore.dll:kernel.appcore.dll (00007FFE551E0000), size: 98304 (result: 0), SymType: '-exported-', PDB: 'C:\WINDOWS\SYSTEM32\kernel.appcore.dll', fileVersion: 10.0.22000.71
C:\WINDOWS\System32\bcryptPrimitives.dll:bcryptPrimitives.dll (00007FFE563F0000), size: 520192 (result: 0), SymType: '-exported-', PDB: 'C:\WINDOWS\System32\bcryptPrimitives.dll', fileVersion: 10.0.22000.778
C:\WINDOWS\system32\uxtheme.dll:uxtheme.dll (00007FFE53320000), size: 704512 (result: 0), SymType: '-exported-', PDB: 'C:\WINDOWS\system32\uxtheme.dll', fileVersion: 10.0.22000.832
C:\WINDOWS\System32\shcore.dll:shcore.dll (00007FFE57060000), size: 958464 (result: 0), SymType: '-exported-', PDB: 'C:\WINDOWS\System32\shcore.dll', fileVersion: 10.0.22000.613
C:\WINDOWS\SYSTEM32\windows.storage.dll:windows.storage.dll (00007FFE541E0000), size: 8802304 (result: 0), SymType: '-exported-', PDB: 'C:\WINDOWS\SYSTEM32\windows.storage.dll', fileVersion: 10.0.22000.1165
C:\WINDOWS\SYSTEM32\wintypes.dll:wintypes.dll (00007FFE54070000), size: 1466368 (result: 0), SymType: '-exported-', PDB: 'C:\WINDOWS\SYSTEM32\wintypes.dll', fileVersion: 10.0.22000.1165
C:\WINDOWS\SYSTEM32\profapi.dll:profapi.dll (00007FFE56020000), size: 135168 (result: 0), SymType: '-nosymbols-', PDB: 'C:\WINDOWS\SYSTEM32\profapi.dll', fileVersion: 10.0.22000.1
C:\WINDOWS\system32\IconCodecService.dll:IconCodecService.dll (00007FFE4E500000), size: 36864 (result: 0), SymType: '-nosymbols-', PDB: 'C:\WINDOWS\system32\IconCodecService.dll', fileVersion: 10.0.22000.1
C:\WINDOWS\SYSTEM32\WindowsCodecs.dll:WindowsCodecs.dll (00007FFE4D140000), size: 1761280 (result: 0), SymType: '-exported-', PDB: 'C:\WINDOWS\SYSTEM32\WindowsCodecs.dll', fileVersion: 10.0.22000.1042
C:\WINDOWS\System32\clbcatq.dll:clbcatq.dll (00007FFE56AA0000), size: 741376 (result: 0), SymType: '-exported-', PDB: 'C:\WINDOWS\System32\clbcatq.dll', fileVersion: 2001.12.10941.16384
C:\WINDOWS\System32\netprofm.dll:netprofm.dll (00007FFE503E0000), size: 462848 (result: 0), SymType: '-exported-', PDB: 'C:\WINDOWS\System32\netprofm.dll', fileVersion: 10.0.22000.708
C:\WINDOWS\System32\npmproxy.dll:npmproxy.dll (00007FFE47720000), size: 73728 (result: 0), SymType: '-exported-', PDB: 'C:\WINDOWS\System32\npmproxy.dll', fileVersion: 10.0.22000.65
C:\WINDOWS\System32\NSI.dll:NSI.dll (00007FFE579E0000), size: 36864 (result: 0), SymType: '-exported-', PDB: 'C:\WINDOWS\System32\NSI.dll', fileVersion: 10.0.22000.1
C:\WINDOWS\SYSTEM32\dhcpcsvc6.DLL:dhcpcsvc6.DLL (00007FFE4EF30000), size: 102400 (result: 0), SymType: '-exported-', PDB: 'C:\WINDOWS\SYSTEM32\dhcpcsvc6.DLL', fileVersion: 10.0.22000.1098
C:\WINDOWS\SYSTEM32\dhcpcsvc.DLL:dhcpcsvc.DLL (00007FFE4F670000), size: 122880 (result: 0), SymType: '-exported-', PDB: 'C:\WINDOWS\SYSTEM32\dhcpcsvc.DLL', fileVersion: 10.0.22000.1098
C:\WINDOWS\SYSTEM32\DNSAPI.dll:DNSAPI.dll (00007FFE54CD0000), size: 950272 (result: 0), SymType: '-exported-', PDB: 'C:\WINDOWS\SYSTEM32\DNSAPI.dll', fileVersion: 10.0.22000.1165
C:\WINDOWS\System32\fwpuclnt.dll:fwpuclnt.dll (00007FFE49060000), size: 528384 (result: 0), SymType: '-exported-', PDB: 'C:\WINDOWS\System32\fwpuclnt.dll', fileVersion: 10.0.22000.1042
C:\Windows\System32\rasadhlp.dll:rasadhlp.dll (00007FFE4D380000), size: 40960 (result: 0), SymType: '-exported-', PDB: 'C:\Windows\System32\rasadhlp.dll', fileVersion: 10.0.22000.1
C:\Program Files\Unity\Hub\Editor\2021.3.10f1\Editor\NVUnityPlugin.DLL:NVUnityPlugin.DLL (00007FFDB9760000), size: 1536000 (result: 0), SymType: '-exported-', PDB: 'C:\Program Files\Unity\Hub\Editor\2021.3.10f1\Editor\NVUnityPlugin.DLL'
C:\Program Files\Unity\Hub\Editor\2021.3.10f1\Editor\Data\Tools\astcenc-avx2.dll:astcenc-avx2.dll (00007FFDC5110000), size: 561152 (result: 0), SymType: '-exported-', PDB: 'C:\Program Files\Unity\Hub\Editor\2021.3.10f1\Editor\Data\Tools\astcenc-avx2.dll'
C:\WINDOWS\SYSTEM32\d3d11.dll:d3d11.dll (00007FFE4DCA0000), size: 2621440 (result: 0), SymType: '-exported-', PDB: 'C:\WINDOWS\SYSTEM32\d3d11.dll', fileVersion: 10.0.22000.1042
C:\WINDOWS\SYSTEM32\dxgi.dll:dxgi.dll (00007FFE53480000), size: 995328 (result: 0), SymType: '-exported-', PDB: 'C:\WINDOWS\SYSTEM32\dxgi.dll', fileVersion: 10.0.22000.1042
C:\WINDOWS\SYSTEM32\directxdatabasehelper.dll:directxdatabasehelper.dll (00007FFE4EBD0000), size: 278528 (result: 0), SymType: '-nosymbols-', PDB: 'C:\WINDOWS\SYSTEM32\directxdatabasehelper.dll', fileVersion: 10.0.22000.653
C:\WINDOWS\SYSTEM32\ntmarta.dll:ntmarta.dll (00007FFE55200000), size: 212992 (result: 0), SymType: '-exported-', PDB: 'C:\WINDOWS\SYSTEM32\ntmarta.dll', fileVersion: 10.0.22000.1
C:\WINDOWS\System32\DriverStore\FileRepository\iigd_dch.inf_amd64_9dbfad2c6843c394\igd10iumd64.dll:igd10iumd64.dll (00007FFE45440000), size: 31182848 (result: 0), SymType: '-exported-', PDB: 'C:\WINDOWS\System32\DriverStore\FileRepository\iigd_dch.inf_amd64_9dbfad2c6843c394\igd10iumd64.dll', fileVersion: 30.0.101.1029
C:\WINDOWS\SYSTEM32\ncrypt.dll:ncrypt.dll (00007FFE55AA0000), size: 163840 (result: 0), SymType: '-exported-', PDB: 'C:\WINDOWS\SYSTEM32\ncrypt.dll', fileVersion: 10.0.22000.1
C:\WINDOWS\SYSTEM32\apphelp.dll:apphelp.dll (00007FFE53190000), size: 598016 (result: 0), SymType: '-exported-', PDB: 'C:\WINDOWS\SYSTEM32\apphelp.dll', fileVersion: 10.0.22000.1042
C:\WINDOWS\SYSTEM32\NTASN1.dll:NTASN1.dll (00007FFE55A60000), size: 225280 (result: 0), SymType: '-nosymbols-', PDB: 'C:\WINDOWS\SYSTEM32\NTASN1.dll', fileVersion: 10.0.22000.1
C:\WINDOWS\System32\DriverStore\FileRepository\iigd_dch.inf_amd64_9dbfad2c6843c394\igdgmm64.dll:igdgmm64.dll (00007FFE43F60000), size: 3936256 (result: 0), SymType: '-exported-', PDB: 'C:\WINDOWS\System32\DriverStore\FileRepository\iigd_dch.inf_amd64_9dbfad2c6843c394\igdgmm64.dll', fileVersion: 30.0.101.1029
C:\WINDOWS\System32\DriverStore\FileRepository\iigd_dch.inf_amd64_9dbfad2c6843c394\igc64.dll:igc64.dll (00007FFE3DE50000), size: 52822016 (result: 0), SymType: '-exported-', PDB: 'C:\WINDOWS\System32\DriverStore\FileRepository\iigd_dch.inf_amd64_9dbfad2c6843c394\igc64.dll', fileVersion: 30.0.101.1029
C:\WINDOWS\system32\wbem\wbemprox.dll:wbemprox.dll (00007FFE4D350000), size: 65536 (result: 0), SymType: '-exported-', PDB: 'C:\WINDOWS\system32\wbem\wbemprox.dll', fileVersion: 10.0.22000.1
C:\WINDOWS\SYSTEM32\wbemcomn.dll:wbemcomn.dll (00007FFE4D390000), size: 532480 (result: 0), SymType: '-exported-', PDB: 'C:\WINDOWS\SYSTEM32\wbemcomn.dll', fileVersion: 10.0.22000.1
C:\WINDOWS\system32\wbem\wbemsvc.dll:wbemsvc.dll (00007FFE428D0000), size: 81920 (result: 0), SymType: '-exported-', PDB: 'C:\WINDOWS\system32\wbem\wbemsvc.dll', fileVersion: 10.0.22000.1
C:\WINDOWS\system32\wbem\fastprox.dll:fastprox.dll (00007FFE42F60000), size: 1024000 (result: 0), SymType: '-exported-', PDB: 'C:\WINDOWS\system32\wbem\fastprox.dll', fileVersion: 10.0.22000.1
C:\WINDOWS\SYSTEM32\amsi.dll:amsi.dll (00007FFE42800000), size: 143360 (result: 0), SymType: '-exported-', PDB: 'C:\WINDOWS\SYSTEM32\amsi.dll', fileVersion: 10.0.22000.1042
C:\WINDOWS\SYSTEM32\USERENV.dll:USERENV.dll (00007FFE557F0000), size: 167936 (result: 0), SymType: '-exported-', PDB: 'C:\WINDOWS\SYSTEM32\USERENV.dll', fileVersion: 10.0.22000.1
C:\ProgramData\Microsoft\Windows Defender\Platform\4.18.2211.5-0\MpOav.dll:MpOav.dll (00007FFDFB7E0000), size: 503808 (result: 0), SymType: '-exported-', PDB: 'C:\ProgramData\Microsoft\Windows Defender\Platform\4.18.2211.5-0\MpOav.dll', fileVersion: 4.18.2211.5
C:\Program Files\McAfee\MfeAV\AMSIExt.dll:AMSIExt.dll (00007FFE42690000), size: 962560 (result: 0), SymType: '-exported-', PDB: 'C:\Program Files\McAfee\MfeAV\AMSIExt.dll', fileVersion: 25.3.140.0
C:\WINDOWS\System32\PSAPI.DLL:PSAPI.DLL (00007FFE56DD0000), size: 32768 (result: 0), SymType: '-exported-', PDB: 'C:\WINDOWS\System32\PSAPI.DLL', fileVersion: 10.0.22000.1
C:\WINDOWS\SYSTEM32\CRYPTSP.dll:CRYPTSP.dll (00007FFE55940000), size: 98304 (result: 0), SymType: '-exported-', PDB: 'C:\WINDOWS\SYSTEM32\CRYPTSP.dll', fileVersion: 10.0.22000.1
C:\WINDOWS\system32\rsaenh.dll:rsaenh.dll (00007FFE55140000), size: 217088 (result: 0), SymType: '-exported-', PDB: 'C:\WINDOWS\system32\rsaenh.dll', fileVersion: 10.0.22000.282
C:\WINDOWS\SYSTEM32\CRYPTBASE.dll:CRYPTBASE.dll (00007FFE55960000), size: 49152 (result: 0), SymType: '-exported-', PDB: 'C:\WINDOWS\SYSTEM32\CRYPTBASE.dll', fileVersion: 10.0.22000.1
C:\WINDOWS\System32\imagehlp.dll:imagehlp.dll (00007FFE57E30000), size: 126976 (result: 0), SymType: '-exported-', PDB: 'C:\WINDOWS\System32\imagehlp.dll', fileVersion: 10.0.22000.1
C:\WINDOWS\SYSTEM32\gpapi.dll:gpapi.dll (00007FFE55790000), size: 147456 (result: 0), SymType: '-exported-', PDB: 'C:\WINDOWS\SYSTEM32\gpapi.dll', fileVersion: 10.0.22000.978
C:\WINDOWS\SYSTEM32\cryptnet.dll:cryptnet.dll (00007FFE44740000), size: 200704 (result: 0), SymType: '-exported-', PDB: 'C:\WINDOWS\SYSTEM32\cryptnet.dll', fileVersion: 10.0.22000.1
C:\Program Files\Common Files\McAfee\SystemCore\mfehida.dll:mfehida.dll (00007FFE42600000), size: 565248 (result: 0), SymType: '-exported-', PDB: 'C:\Program Files\Common Files\McAfee\SystemCore\mfehida.dll', fileVersion: 21.9.0.184
C:\Program Files\Common Files\McAfee\SystemCore\mfemmsa.dll:mfemmsa.dll (00007FFE42540000), size: 778240 (result: 0), SymType: '-exported-', PDB: 'C:\Program Files\Common Files\McAfee\SystemCore\mfemmsa.dll', fileVersion: 21.9.0.184
C:\WINDOWS\SYSTEM32\opencl.dll:opencl.dll (00007FFDF7350000), size: 114688 (result: 0), SymType: '-exported-', PDB: 'C:\WINDOWS\SYSTEM32\opencl.dll', fileVersion: 3.0.1.0
C:\Program Files\Unity\Hub\Editor\2021.3.10f1\Editor\radeonrays.dll:radeonrays.dll (00007FFDBFEA0000), size: 557056 (result: 0), SymType: '-exported-', PDB: 'C:\Program Files\Unity\Hub\Editor\2021.3.10f1\Editor\radeonrays.dll'
C:\Program Files\Unity\Hub\Editor\2021.3.10f1\Editor\Data\MonoBleedingEdge\EmbedRuntime\mono-2.0-bdwgc.dll:mono-2.0-bdwgc.dll (00007FFDB8990000), size: 10686464 (result: 0), SymType: 'PDB', PDB: 'C:\Program Files\Unity\Hub\Editor\2021.3.10f1\Editor\mono-2.0-bdwgc.pdb'
C:\WINDOWS\SYSTEM32\PROPSYS.dll:PROPSYS.dll (00007FFE52E60000), size: 1011712 (result: 0), SymType: '-exported-', PDB: 'C:\WINDOWS\SYSTEM32\PROPSYS.dll', fileVersion: 7.0.22000.37
C:\Windows\System32\Windows.System.Launcher.dll:Windows.System.Launcher.dll (00007FFE43300000), size: 1286144 (result: 0), SymType: '-exported-', PDB: 'C:\Windows\System32\Windows.System.Launcher.dll', fileVersion: 10.0.22000.1165
C:\Windows\System32\msvcp110_win.dll:msvcp110_win.dll (00007FFE526B0000), size: 598016 (result: 0), SymType: '-exported-', PDB: 'C:\Windows\System32\msvcp110_win.dll', fileVersion: 10.0.22000.1
C:\WINDOWS\SYSTEM32\windows.staterepositorycore.dll:windows.staterepositorycore.dll (00007FFE4D330000), size: 110592 (result: 0), SymType: '-exported-', PDB: 'C:\WINDOWS\SYSTEM32\windows.staterepositorycore.dll', fileVersion: 10.0.22000.1165
C:\WINDOWS\WinSxS\amd64_microsoft.windows.common-controls_6595b64144ccf1df_6.0.22000.120_none_9d947278b86cc467\comctl32.dll:comctl32.dll (00007FFE37DF0000), size: 2772992 (result: 0), SymType: '-exported-', PDB: 'C:\WINDOWS\WinSxS\amd64_microsoft.windows.common-controls_6595b64144ccf1df_6.0.22000.120_none_9d947278b86cc467\comctl32.dll', fileVersion: 6.10.22000.120
C:\Windows\System32\thumbcache.dll:thumbcache.dll (00007FFE2DF90000), size: 417792 (result: 0), SymType: '-exported-', PDB: 'C:\Windows\System32\thumbcache.dll', fileVersion: 10.0.22000.51
C:\WINDOWS\SYSTEM32\dbghelp.dll:dbghelp.dll (00007FFE53B20000), size: 2232320 (result: 0), SymType: '-exported-', PDB: 'C:\WINDOWS\SYSTEM32\dbghelp.dll', fileVersion: 10.0.22000.1
  ERROR: SymGetSymFromAddr64, GetLastError: 'Attempt to access invalid address.' (Address: 00007FFE4547805A)
0x00007FFE4547805A (igd10iumd64) (function-name not available)
  ERROR: SymGetSymFromAddr64, GetLastError: 'Attempt to access invalid address.' (Address: 00007FFE45466164)
0x00007FFE45466164 (igd10iumd64) (function-name not available)
  ERROR: SymGetSymFromAddr64, GetLastError: 'Attempt to access invalid address.' (Address: 00007FFE454670CE)
0x00007FFE454670CE (igd10iumd64) (function-name not available)
0x00007FFE45771EF7 (igd10iumd64) OpenAdapter10_2
0x00007FFE45770616 (igd10iumd64) OpenAdapter10_2
0x00007FFE4572454A (igd10iumd64) OpenAdapter10_2
0x00007FFE57A05550 (KERNEL32) BaseThreadInitThunk
0x00007FFE58C2485B (ntdll) RtlUserThreadStart

========== END OF STACKTRACE ===========

A crash has been intercepted by the crash handler. For call stack and other details, see the latest crash report generated in:
 * C:/Users/dylan/AppData/Local/Temp/Unity/Editor/Crashes
